[ 2023-03-21 11:23:52,589 ] 16 root - INFO - >>>>>>>>>>>>>>>>>>>>>>>>>>>>>>>>>>>>>>>> Data Ingestion <<<<<<<<<<<<<<<<<<<<<<<<<<<<<<<<<<<<<<<<
[ 2023-03-21 11:23:52,589 ] 23 root - INFO - Exporting collection data as pandas dataframe
[ 2023-03-21 11:23:52,589 ] 21 root - INFO - Reading data from database: aps and collection: sensor
[ 2023-03-21 11:23:55,886 ] 23 root - INFO - Found columns:Index(['_id', 'class', 'aa_000', 'ab_000', 'ac_000', 'ad_000', 'ae_000',
       'af_000', 'ag_000', 'ag_001',
       ...
       'ee_002', 'ee_003', 'ee_004', 'ee_005', 'ee_006', 'ee_007', 'ee_008',
       'ee_009', 'ef_000', 'eg_000'],
      dtype='object', length=172)
[ 2023-03-21 11:23:55,887 ] 25 root - INFO - Dropping column: _id 
[ 2023-03-21 11:23:56,081 ] 27 root - INFO - Row and columns in df: (36188, 171)
[ 2023-03-21 11:23:56,081 ] 29 root - INFO - Save data in feature store
[ 2023-03-21 11:23:56,609 ] 35 root - INFO - Create feature store folder if not available
[ 2023-03-21 11:23:56,609 ] 39 root - INFO - Save df to feature store folder
[ 2023-03-21 11:23:58,999 ] 44 root - INFO - split dataset into train and test set
[ 2023-03-21 11:23:59,564 ] 48 root - INFO - create dataset directory folder if not available
[ 2023-03-21 11:23:59,564 ] 53 root - INFO - Save df to feature store folder
[ 2023-03-21 11:24:01,736 ] 65 root - INFO - Data ingestion artifact: DataIngestionArtifact(feature_store_file_path='/config/workspace/artifact/03212023__112352/data_ingestion/feature_store/sensor.csv', train_file_path='/config/workspace/artifact/03212023__112352/data_ingestion/dataset/train.csv', test_file_path='/config/workspace/artifact/03212023__112352/data_ingestion/dataset/test.csv')
[ 2023-03-21 11:24:02,166 ] 22 root - INFO - >>>>>>>>>>>>>>>>>>>>>>>>>>>>>>>>>>>>>>>> Data Validation <<<<<<<<<<<<<<<<<<<<<<<<<<<<<<<<<<<<<<<<
[ 2023-03-21 11:24:02,166 ] 111 root - INFO - Reading base dataframe
[ 2023-03-21 11:24:05,085 ] 114 root - INFO - Replace na value in base df
[ 2023-03-21 11:24:05,085 ] 116 root - INFO - Drop null values colums from base df
[ 2023-03-21 11:24:06,029 ] 45 root - INFO - selecting column name which contains null above to 0.2
[ 2023-03-21 11:24:06,029 ] 48 root - INFO - Columns to drop: ['ab_000', 'ad_000', 'bk_000', 'bl_000', 'bm_000', 'bn_000', 'bo_000', 'bp_000', 'bq_000', 'br_000', 'cf_000', 'cg_000', 'ch_000', 'co_000', 'cr_000', 'ct_000', 'cu_000', 'cv_000', 'cx_000', 'cy_000', 'cz_000', 'da_000', 'db_000', 'dc_000']
[ 2023-03-21 11:24:06,121 ] 119 root - INFO - Reading train dataframe
[ 2023-03-21 11:24:06,517 ] 121 root - INFO - Reading test dataframe
[ 2023-03-21 11:24:06,624 ] 124 root - INFO - Drop null values colums from train df
[ 2023-03-21 11:24:06,635 ] 45 root - INFO - selecting column name which contains null above to 0.2
[ 2023-03-21 11:24:06,636 ] 48 root - INFO - Columns to drop: ['ab_000', 'ad_000', 'bk_000', 'bl_000', 'bm_000', 'bn_000', 'bo_000', 'bp_000', 'bq_000', 'br_000', 'cf_000', 'cg_000', 'ch_000', 'co_000', 'cr_000', 'ct_000', 'cu_000', 'cv_000', 'cx_000', 'cy_000', 'cz_000', 'da_000', 'db_000', 'dc_000']
[ 2023-03-21 11:24:06,645 ] 126 root - INFO - Drop null values colums from test df
[ 2023-03-21 11:24:06,649 ] 45 root - INFO - selecting column name which contains null above to 0.2
[ 2023-03-21 11:24:06,650 ] 48 root - INFO - Columns to drop: ['ab_000', 'ad_000', 'bk_000', 'bl_000', 'bm_000', 'bn_000', 'bo_000', 'bp_000', 'bq_000', 'br_000', 'cf_000', 'cg_000', 'ch_000', 'co_000', 'cr_000', 'ct_000', 'cu_000', 'cv_000', 'cx_000', 'cy_000', 'cz_000', 'da_000', 'db_000', 'dc_000']
[ 2023-03-21 11:24:12,411 ] 135 root - INFO - Is all required columns present in train df
[ 2023-03-21 11:24:12,412 ] 137 root - INFO - Is all required columns present in test df
[ 2023-03-21 11:24:12,412 ] 141 root - INFO - As all column are available in train df hence detecting data drift
[ 2023-03-21 11:24:12,412 ] 89 root - INFO - Hypothesis class: object, object 
[ 2023-03-21 11:24:12,547 ] 89 root - INFO - Hypothesis aa_000: float64, float64 
[ 2023-03-21 11:24:12,558 ] 89 root - INFO - Hypothesis ac_000: float64, float64 
[ 2023-03-21 11:24:12,600 ] 89 root - INFO - Hypothesis ae_000: float64, float64 
[ 2023-03-21 11:24:12,637 ] 89 root - INFO - Hypothesis af_000: float64, float64 
[ 2023-03-21 11:24:12,678 ] 89 root - INFO - Hypothesis ag_000: float64, float64 
[ 2023-03-21 11:24:12,714 ] 89 root - INFO - Hypothesis ag_001: float64, float64 
[ 2023-03-21 11:24:12,750 ] 89 root - INFO - Hypothesis ag_002: float64, float64 
[ 2023-03-21 11:24:12,788 ] 89 root - INFO - Hypothesis ag_003: float64, float64 
[ 2023-03-21 11:24:12,825 ] 89 root - INFO - Hypothesis ag_004: float64, float64 
[ 2023-03-21 11:24:12,868 ] 89 root - INFO - Hypothesis ag_005: float64, float64 
[ 2023-03-21 11:24:12,912 ] 89 root - INFO - Hypothesis ag_006: float64, float64 
[ 2023-03-21 11:24:12,923 ] 89 root - INFO - Hypothesis ag_007: float64, float64 
[ 2023-03-21 11:24:12,932 ] 89 root - INFO - Hypothesis ag_008: float64, float64 
[ 2023-03-21 11:24:12,940 ] 89 root - INFO - Hypothesis ag_009: float64, float64 
[ 2023-03-21 11:24:12,980 ] 89 root - INFO - Hypothesis ah_000: float64, float64 
[ 2023-03-21 11:24:13,065 ] 89 root - INFO - Hypothesis ai_000: float64, float64 
[ 2023-03-21 11:24:13,102 ] 89 root - INFO - Hypothesis aj_000: float64, float64 
[ 2023-03-21 11:24:13,140 ] 89 root - INFO - Hypothesis ak_000: float64, float64 
[ 2023-03-21 11:24:13,177 ] 89 root - INFO - Hypothesis al_000: float64, float64 
[ 2023-03-21 11:24:13,185 ] 89 root - INFO - Hypothesis am_0: float64, float64 
[ 2023-03-21 11:24:13,192 ] 89 root - INFO - Hypothesis an_000: float64, float64 
[ 2023-03-21 11:24:13,202 ] 89 root - INFO - Hypothesis ao_000: float64, float64 
[ 2023-03-21 11:24:13,213 ] 89 root - INFO - Hypothesis ap_000: float64, float64 
[ 2023-03-21 11:24:13,223 ] 89 root - INFO - Hypothesis aq_000: float64, float64 
[ 2023-03-21 11:24:13,234 ] 89 root - INFO - Hypothesis ar_000: float64, float64 
[ 2023-03-21 11:24:13,272 ] 89 root - INFO - Hypothesis as_000: float64, float64 
[ 2023-03-21 11:24:13,309 ] 89 root - INFO - Hypothesis at_000: float64, float64 
[ 2023-03-21 11:24:13,347 ] 89 root - INFO - Hypothesis au_000: float64, float64 
[ 2023-03-21 11:24:13,384 ] 89 root - INFO - Hypothesis av_000: float64, float64 
[ 2023-03-21 11:24:13,392 ] 89 root - INFO - Hypothesis ax_000: float64, float64 
[ 2023-03-21 11:24:13,400 ] 89 root - INFO - Hypothesis ay_000: float64, float64 
[ 2023-03-21 11:24:13,436 ] 89 root - INFO - Hypothesis ay_001: float64, float64 
[ 2023-03-21 11:24:13,474 ] 89 root - INFO - Hypothesis ay_002: float64, float64 
[ 2023-03-21 11:24:13,511 ] 89 root - INFO - Hypothesis ay_003: float64, float64 
[ 2023-03-21 11:24:13,549 ] 89 root - INFO - Hypothesis ay_004: float64, float64 
[ 2023-03-21 11:24:13,585 ] 89 root - INFO - Hypothesis ay_005: float64, float64 
[ 2023-03-21 11:24:13,594 ] 89 root - INFO - Hypothesis ay_006: float64, float64 
[ 2023-03-21 11:24:13,603 ] 89 root - INFO - Hypothesis ay_007: float64, float64 
[ 2023-03-21 11:24:13,613 ] 89 root - INFO - Hypothesis ay_008: float64, float64 
[ 2023-03-21 11:24:13,623 ] 89 root - INFO - Hypothesis ay_009: float64, float64 
[ 2023-03-21 11:24:13,659 ] 89 root - INFO - Hypothesis az_000: float64, float64 
[ 2023-03-21 11:24:13,702 ] 89 root - INFO - Hypothesis az_001: float64, float64 
[ 2023-03-21 11:24:13,711 ] 89 root - INFO - Hypothesis az_002: float64, float64 
[ 2023-03-21 11:24:13,753 ] 89 root - INFO - Hypothesis az_003: float64, float64 
[ 2023-03-21 11:24:13,795 ] 89 root - INFO - Hypothesis az_004: float64, float64 
[ 2023-03-21 11:24:13,838 ] 89 root - INFO - Hypothesis az_005: float64, float64 
[ 2023-03-21 11:24:13,849 ] 89 root - INFO - Hypothesis az_006: float64, float64 
[ 2023-03-21 11:24:13,858 ] 89 root - INFO - Hypothesis az_007: float64, float64 
[ 2023-03-21 11:24:13,864 ] 89 root - INFO - Hypothesis az_008: float64, float64 
[ 2023-03-21 11:24:13,900 ] 89 root - INFO - Hypothesis az_009: float64, float64 
[ 2023-03-21 11:24:13,936 ] 89 root - INFO - Hypothesis ba_000: float64, float64 
[ 2023-03-21 11:24:13,947 ] 89 root - INFO - Hypothesis ba_001: float64, float64 
[ 2023-03-21 11:24:13,957 ] 89 root - INFO - Hypothesis ba_002: float64, float64 
[ 2023-03-21 11:24:13,967 ] 89 root - INFO - Hypothesis ba_003: float64, float64 
[ 2023-03-21 11:24:13,977 ] 89 root - INFO - Hypothesis ba_004: float64, float64 
[ 2023-03-21 11:24:13,987 ] 89 root - INFO - Hypothesis ba_005: float64, float64 
[ 2023-03-21 11:24:13,997 ] 89 root - INFO - Hypothesis ba_006: float64, float64 
[ 2023-03-21 11:24:14,008 ] 89 root - INFO - Hypothesis ba_007: float64, float64 
[ 2023-03-21 11:24:14,017 ] 89 root - INFO - Hypothesis ba_008: float64, float64 
[ 2023-03-21 11:24:14,057 ] 89 root - INFO - Hypothesis ba_009: float64, float64 
[ 2023-03-21 11:24:14,096 ] 89 root - INFO - Hypothesis bb_000: float64, float64 
[ 2023-03-21 11:24:14,107 ] 89 root - INFO - Hypothesis bc_000: float64, float64 
[ 2023-03-21 11:24:14,147 ] 89 root - INFO - Hypothesis bd_000: float64, float64 
[ 2023-03-21 11:24:14,188 ] 89 root - INFO - Hypothesis be_000: float64, float64 
[ 2023-03-21 11:24:14,228 ] 89 root - INFO - Hypothesis bf_000: float64, float64 
[ 2023-03-21 11:24:14,269 ] 89 root - INFO - Hypothesis bg_000: float64, float64 
[ 2023-03-21 11:24:14,279 ] 89 root - INFO - Hypothesis bh_000: float64, float64 
[ 2023-03-21 11:24:14,290 ] 89 root - INFO - Hypothesis bi_000: float64, float64 
[ 2023-03-21 11:24:14,300 ] 89 root - INFO - Hypothesis bj_000: float64, float64 
[ 2023-03-21 11:24:14,311 ] 89 root - INFO - Hypothesis bs_000: float64, float64 
[ 2023-03-21 11:24:14,321 ] 89 root - INFO - Hypothesis bt_000: float64, float64 
[ 2023-03-21 11:24:14,332 ] 89 root - INFO - Hypothesis bu_000: float64, float64 
[ 2023-03-21 11:24:14,342 ] 89 root - INFO - Hypothesis bv_000: float64, float64 
[ 2023-03-21 11:24:14,352 ] 89 root - INFO - Hypothesis bx_000: float64, float64 
[ 2023-03-21 11:24:14,363 ] 89 root - INFO - Hypothesis by_000: float64, float64 
[ 2023-03-21 11:24:14,374 ] 89 root - INFO - Hypothesis bz_000: float64, float64 
[ 2023-03-21 11:24:14,416 ] 89 root - INFO - Hypothesis ca_000: float64, float64 
[ 2023-03-21 11:24:14,458 ] 89 root - INFO - Hypothesis cb_000: float64, float64 
[ 2023-03-21 11:24:14,502 ] 89 root - INFO - Hypothesis cc_000: float64, float64 
[ 2023-03-21 11:24:14,512 ] 89 root - INFO - Hypothesis cd_000: float64, float64 
[ 2023-03-21 11:24:14,550 ] 89 root - INFO - Hypothesis ce_000: float64, float64 
[ 2023-03-21 11:24:14,559 ] 89 root - INFO - Hypothesis ci_000: float64, float64 
[ 2023-03-21 11:24:14,603 ] 89 root - INFO - Hypothesis cj_000: float64, float64 
[ 2023-03-21 11:24:14,641 ] 89 root - INFO - Hypothesis ck_000: float64, float64 
[ 2023-03-21 11:24:14,652 ] 89 root - INFO - Hypothesis cl_000: float64, float64 
[ 2023-03-21 11:24:14,690 ] 89 root - INFO - Hypothesis cm_000: float64, float64 
[ 2023-03-21 11:24:14,729 ] 89 root - INFO - Hypothesis cn_000: float64, float64 
[ 2023-03-21 11:24:14,767 ] 89 root - INFO - Hypothesis cn_001: float64, float64 
[ 2023-03-21 11:24:14,805 ] 89 root - INFO - Hypothesis cn_002: float64, float64 
[ 2023-03-21 11:24:14,846 ] 89 root - INFO - Hypothesis cn_003: float64, float64 
[ 2023-03-21 11:24:14,856 ] 89 root - INFO - Hypothesis cn_004: float64, float64 
[ 2023-03-21 11:24:14,867 ] 89 root - INFO - Hypothesis cn_005: float64, float64 
[ 2023-03-21 11:24:14,877 ] 89 root - INFO - Hypothesis cn_006: float64, float64 
[ 2023-03-21 11:24:14,887 ] 89 root - INFO - Hypothesis cn_007: float64, float64 
[ 2023-03-21 11:24:14,929 ] 89 root - INFO - Hypothesis cn_008: float64, float64 
[ 2023-03-21 11:24:14,972 ] 89 root - INFO - Hypothesis cn_009: float64, float64 
[ 2023-03-21 11:24:14,980 ] 89 root - INFO - Hypothesis cp_000: float64, float64 
[ 2023-03-21 11:24:14,988 ] 89 root - INFO - Hypothesis cq_000: float64, float64 
[ 2023-03-21 11:24:14,998 ] 89 root - INFO - Hypothesis cs_000: float64, float64 
[ 2023-03-21 11:24:15,008 ] 89 root - INFO - Hypothesis cs_001: float64, float64 
[ 2023-03-21 11:24:15,050 ] 89 root - INFO - Hypothesis cs_002: float64, float64 
[ 2023-03-21 11:24:15,093 ] 89 root - INFO - Hypothesis cs_003: float64, float64 
[ 2023-03-21 11:24:15,104 ] 89 root - INFO - Hypothesis cs_004: float64, float64 
[ 2023-03-21 11:24:15,148 ] 89 root - INFO - Hypothesis cs_005: float64, float64 
[ 2023-03-21 11:24:15,159 ] 89 root - INFO - Hypothesis cs_006: float64, float64 
[ 2023-03-21 11:24:15,170 ] 89 root - INFO - Hypothesis cs_007: float64, float64 
[ 2023-03-21 11:24:15,180 ] 89 root - INFO - Hypothesis cs_008: float64, float64 
[ 2023-03-21 11:24:15,221 ] 89 root - INFO - Hypothesis cs_009: float64, float64 
[ 2023-03-21 11:24:15,258 ] 89 root - INFO - Hypothesis dd_000: float64, float64 
[ 2023-03-21 11:24:15,300 ] 89 root - INFO - Hypothesis de_000: float64, float64 
[ 2023-03-21 11:24:15,341 ] 89 root - INFO - Hypothesis df_000: float64, float64 
[ 2023-03-21 11:24:15,378 ] 89 root - INFO - Hypothesis dg_000: float64, float64 
[ 2023-03-21 11:24:15,414 ] 89 root - INFO - Hypothesis dh_000: float64, float64 
[ 2023-03-21 11:24:15,454 ] 89 root - INFO - Hypothesis di_000: float64, float64 
[ 2023-03-21 11:24:15,493 ] 89 root - INFO - Hypothesis dj_000: float64, float64 
[ 2023-03-21 11:24:15,532 ] 89 root - INFO - Hypothesis dk_000: float64, float64 
[ 2023-03-21 11:24:15,574 ] 89 root - INFO - Hypothesis dl_000: float64, float64 
[ 2023-03-21 11:24:15,612 ] 89 root - INFO - Hypothesis dm_000: float64, float64 
[ 2023-03-21 11:24:15,648 ] 89 root - INFO - Hypothesis dn_000: float64, float64 
[ 2023-03-21 11:24:15,659 ] 89 root - INFO - Hypothesis do_000: float64, float64 
[ 2023-03-21 11:24:15,668 ] 89 root - INFO - Hypothesis dp_000: float64, float64 
[ 2023-03-21 11:24:15,678 ] 89 root - INFO - Hypothesis dq_000: float64, float64 
[ 2023-03-21 11:24:15,685 ] 89 root - INFO - Hypothesis dr_000: float64, float64 
[ 2023-03-21 11:24:15,692 ] 89 root - INFO - Hypothesis ds_000: float64, float64 
[ 2023-03-21 11:24:15,702 ] 89 root - INFO - Hypothesis dt_000: float64, float64 
[ 2023-03-21 11:24:15,746 ] 89 root - INFO - Hypothesis du_000: float64, float64 
[ 2023-03-21 11:24:15,788 ] 89 root - INFO - Hypothesis dv_000: float64, float64 
[ 2023-03-21 11:24:15,830 ] 89 root - INFO - Hypothesis dx_000: float64, float64 
[ 2023-03-21 11:24:15,837 ] 89 root - INFO - Hypothesis dy_000: float64, float64 
[ 2023-03-21 11:24:15,844 ] 89 root - INFO - Hypothesis dz_000: float64, float64 
[ 2023-03-21 11:24:15,880 ] 89 root - INFO - Hypothesis ea_000: float64, float64 
[ 2023-03-21 11:24:15,917 ] 89 root - INFO - Hypothesis eb_000: float64, float64 
[ 2023-03-21 11:24:15,958 ] 89 root - INFO - Hypothesis ec_00: float64, float64 
[ 2023-03-21 11:24:15,968 ] 89 root - INFO - Hypothesis ed_000: float64, float64 
[ 2023-03-21 11:24:15,976 ] 89 root - INFO - Hypothesis ee_000: float64, float64 
[ 2023-03-21 11:24:15,987 ] 89 root - INFO - Hypothesis ee_001: float64, float64 
[ 2023-03-21 11:24:15,998 ] 89 root - INFO - Hypothesis ee_002: float64, float64 
[ 2023-03-21 11:24:16,008 ] 89 root - INFO - Hypothesis ee_003: float64, float64 
[ 2023-03-21 11:24:16,052 ] 89 root - INFO - Hypothesis ee_004: float64, float64 
[ 2023-03-21 11:24:16,096 ] 89 root - INFO - Hypothesis ee_005: float64, float64 
[ 2023-03-21 11:24:16,106 ] 89 root - INFO - Hypothesis ee_006: float64, float64 
[ 2023-03-21 11:24:16,116 ] 89 root - INFO - Hypothesis ee_007: float64, float64 
[ 2023-03-21 11:24:16,126 ] 89 root - INFO - Hypothesis ee_008: float64, float64 
[ 2023-03-21 11:24:16,135 ] 89 root - INFO - Hypothesis ee_009: float64, float64 
[ 2023-03-21 11:24:16,176 ] 89 root - INFO - Hypothesis ef_000: float64, float64 
[ 2023-03-21 11:24:16,212 ] 89 root - INFO - Hypothesis eg_000: float64, float64 
[ 2023-03-21 11:24:16,248 ] 144 root - INFO - As all column are available in test df hence detecting data drift
[ 2023-03-21 11:24:16,249 ] 89 root - INFO - Hypothesis class: object, object 
[ 2023-03-21 11:24:16,324 ] 89 root - INFO - Hypothesis aa_000: float64, float64 
[ 2023-03-21 11:24:16,331 ] 89 root - INFO - Hypothesis ac_000: float64, float64 
[ 2023-03-21 11:24:16,336 ] 89 root - INFO - Hypothesis ae_000: float64, float64 
[ 2023-03-21 11:24:16,352 ] 89 root - INFO - Hypothesis af_000: float64, float64 
[ 2023-03-21 11:24:16,367 ] 89 root - INFO - Hypothesis ag_000: float64, float64 
[ 2023-03-21 11:24:16,382 ] 89 root - INFO - Hypothesis ag_001: float64, float64 
[ 2023-03-21 11:24:16,398 ] 89 root - INFO - Hypothesis ag_002: float64, float64 
[ 2023-03-21 11:24:16,413 ] 89 root - INFO - Hypothesis ag_003: float64, float64 
[ 2023-03-21 11:24:16,417 ] 89 root - INFO - Hypothesis ag_004: float64, float64 
[ 2023-03-21 11:24:16,424 ] 89 root - INFO - Hypothesis ag_005: float64, float64 
[ 2023-03-21 11:24:16,431 ] 89 root - INFO - Hypothesis ag_006: float64, float64 
[ 2023-03-21 11:24:16,438 ] 89 root - INFO - Hypothesis ag_007: float64, float64 
[ 2023-03-21 11:24:16,445 ] 89 root - INFO - Hypothesis ag_008: float64, float64 
[ 2023-03-21 11:24:16,450 ] 89 root - INFO - Hypothesis ag_009: float64, float64 
[ 2023-03-21 11:24:16,455 ] 89 root - INFO - Hypothesis ah_000: float64, float64 
[ 2023-03-21 11:24:16,462 ] 89 root - INFO - Hypothesis ai_000: float64, float64 
[ 2023-03-21 11:24:16,466 ] 89 root - INFO - Hypothesis aj_000: float64, float64 
[ 2023-03-21 11:24:16,482 ] 89 root - INFO - Hypothesis ak_000: float64, float64 
[ 2023-03-21 11:24:16,498 ] 89 root - INFO - Hypothesis al_000: float64, float64 
[ 2023-03-21 11:24:16,503 ] 89 root - INFO - Hypothesis am_0: float64, float64 
[ 2023-03-21 11:24:16,509 ] 89 root - INFO - Hypothesis an_000: float64, float64 
[ 2023-03-21 11:24:16,516 ] 89 root - INFO - Hypothesis ao_000: float64, float64 
[ 2023-03-21 11:24:16,524 ] 89 root - INFO - Hypothesis ap_000: float64, float64 
[ 2023-03-21 11:24:16,532 ] 89 root - INFO - Hypothesis aq_000: float64, float64 
[ 2023-03-21 11:24:16,540 ] 89 root - INFO - Hypothesis ar_000: float64, float64 
[ 2023-03-21 11:24:16,543 ] 89 root - INFO - Hypothesis as_000: float64, float64 
[ 2023-03-21 11:24:16,559 ] 89 root - INFO - Hypothesis at_000: float64, float64 
[ 2023-03-21 11:24:16,563 ] 89 root - INFO - Hypothesis au_000: float64, float64 
[ 2023-03-21 11:24:16,578 ] 89 root - INFO - Hypothesis av_000: float64, float64 
[ 2023-03-21 11:24:16,584 ] 89 root - INFO - Hypothesis ax_000: float64, float64 
[ 2023-03-21 11:24:16,590 ] 89 root - INFO - Hypothesis ay_000: float64, float64 
[ 2023-03-21 11:24:16,606 ] 89 root - INFO - Hypothesis ay_001: float64, float64 
[ 2023-03-21 11:24:16,622 ] 89 root - INFO - Hypothesis ay_002: float64, float64 
[ 2023-03-21 11:24:16,638 ] 89 root - INFO - Hypothesis ay_003: float64, float64 
[ 2023-03-21 11:24:16,654 ] 89 root - INFO - Hypothesis ay_004: float64, float64 
[ 2023-03-21 11:24:16,670 ] 89 root - INFO - Hypothesis ay_005: float64, float64 
[ 2023-03-21 11:24:16,676 ] 89 root - INFO - Hypothesis ay_006: float64, float64 
[ 2023-03-21 11:24:16,682 ] 89 root - INFO - Hypothesis ay_007: float64, float64 
[ 2023-03-21 11:24:16,689 ] 89 root - INFO - Hypothesis ay_008: float64, float64 
[ 2023-03-21 11:24:16,696 ] 89 root - INFO - Hypothesis ay_009: float64, float64 
[ 2023-03-21 11:24:16,711 ] 89 root - INFO - Hypothesis az_000: float64, float64 
[ 2023-03-21 11:24:16,718 ] 89 root - INFO - Hypothesis az_001: float64, float64 
[ 2023-03-21 11:24:16,725 ] 89 root - INFO - Hypothesis az_002: float64, float64 
[ 2023-03-21 11:24:16,731 ] 89 root - INFO - Hypothesis az_003: float64, float64 
[ 2023-03-21 11:24:16,738 ] 89 root - INFO - Hypothesis az_004: float64, float64 
[ 2023-03-21 11:24:16,745 ] 89 root - INFO - Hypothesis az_005: float64, float64 
[ 2023-03-21 11:24:16,752 ] 89 root - INFO - Hypothesis az_006: float64, float64 
[ 2023-03-21 11:24:16,758 ] 89 root - INFO - Hypothesis az_007: float64, float64 
[ 2023-03-21 11:24:16,763 ] 89 root - INFO - Hypothesis az_008: float64, float64 
[ 2023-03-21 11:24:16,779 ] 89 root - INFO - Hypothesis az_009: float64, float64 
[ 2023-03-21 11:24:16,794 ] 89 root - INFO - Hypothesis ba_000: float64, float64 
[ 2023-03-21 11:24:16,801 ] 89 root - INFO - Hypothesis ba_001: float64, float64 
[ 2023-03-21 11:24:16,809 ] 89 root - INFO - Hypothesis ba_002: float64, float64 
[ 2023-03-21 11:24:16,816 ] 89 root - INFO - Hypothesis ba_003: float64, float64 
[ 2023-03-21 11:24:16,823 ] 89 root - INFO - Hypothesis ba_004: float64, float64 
[ 2023-03-21 11:24:16,829 ] 89 root - INFO - Hypothesis ba_005: float64, float64 
[ 2023-03-21 11:24:16,837 ] 89 root - INFO - Hypothesis ba_006: float64, float64 
[ 2023-03-21 11:24:16,843 ] 89 root - INFO - Hypothesis ba_007: float64, float64 
[ 2023-03-21 11:24:16,850 ] 89 root - INFO - Hypothesis ba_008: float64, float64 
[ 2023-03-21 11:24:16,855 ] 89 root - INFO - Hypothesis ba_009: float64, float64 
[ 2023-03-21 11:24:16,860 ] 89 root - INFO - Hypothesis bb_000: float64, float64 
[ 2023-03-21 11:24:16,867 ] 89 root - INFO - Hypothesis bc_000: float64, float64 
[ 2023-03-21 11:24:16,872 ] 89 root - INFO - Hypothesis bd_000: float64, float64 
[ 2023-03-21 11:24:16,878 ] 89 root - INFO - Hypothesis be_000: float64, float64 
[ 2023-03-21 11:24:16,884 ] 89 root - INFO - Hypothesis bf_000: float64, float64 
[ 2023-03-21 11:24:16,888 ] 89 root - INFO - Hypothesis bg_000: float64, float64 
[ 2023-03-21 11:24:16,896 ] 89 root - INFO - Hypothesis bh_000: float64, float64 
[ 2023-03-21 11:24:16,903 ] 89 root - INFO - Hypothesis bi_000: float64, float64 
[ 2023-03-21 11:24:16,910 ] 89 root - INFO - Hypothesis bj_000: float64, float64 
[ 2023-03-21 11:24:16,917 ] 89 root - INFO - Hypothesis bs_000: float64, float64 
[ 2023-03-21 11:24:16,924 ] 89 root - INFO - Hypothesis bt_000: float64, float64 
[ 2023-03-21 11:24:16,932 ] 89 root - INFO - Hypothesis bu_000: float64, float64 
[ 2023-03-21 11:24:16,939 ] 89 root - INFO - Hypothesis bv_000: float64, float64 
[ 2023-03-21 11:24:16,946 ] 89 root - INFO - Hypothesis bx_000: float64, float64 
[ 2023-03-21 11:24:16,953 ] 89 root - INFO - Hypothesis by_000: float64, float64 
[ 2023-03-21 11:24:16,960 ] 89 root - INFO - Hypothesis bz_000: float64, float64 
[ 2023-03-21 11:24:16,966 ] 89 root - INFO - Hypothesis ca_000: float64, float64 
[ 2023-03-21 11:24:16,973 ] 89 root - INFO - Hypothesis cb_000: float64, float64 
[ 2023-03-21 11:24:16,981 ] 89 root - INFO - Hypothesis cc_000: float64, float64 
[ 2023-03-21 11:24:16,988 ] 89 root - INFO - Hypothesis cd_000: float64, float64 
[ 2023-03-21 11:24:17,003 ] 89 root - INFO - Hypothesis ce_000: float64, float64 
[ 2023-03-21 11:24:17,010 ] 89 root - INFO - Hypothesis ci_000: float64, float64 
[ 2023-03-21 11:24:17,017 ] 89 root - INFO - Hypothesis cj_000: float64, float64 
[ 2023-03-21 11:24:17,033 ] 89 root - INFO - Hypothesis ck_000: float64, float64 
[ 2023-03-21 11:24:17,041 ] 89 root - INFO - Hypothesis cl_000: float64, float64 
[ 2023-03-21 11:24:17,045 ] 89 root - INFO - Hypothesis cm_000: float64, float64 
[ 2023-03-21 11:24:17,050 ] 89 root - INFO - Hypothesis cn_000: float64, float64 
[ 2023-03-21 11:24:17,065 ] 89 root - INFO - Hypothesis cn_001: float64, float64 
[ 2023-03-21 11:24:17,069 ] 89 root - INFO - Hypothesis cn_002: float64, float64 
[ 2023-03-21 11:24:17,075 ] 89 root - INFO - Hypothesis cn_003: float64, float64 
[ 2023-03-21 11:24:17,082 ] 89 root - INFO - Hypothesis cn_004: float64, float64 
[ 2023-03-21 11:24:17,089 ] 89 root - INFO - Hypothesis cn_005: float64, float64 
[ 2023-03-21 11:24:17,096 ] 89 root - INFO - Hypothesis cn_006: float64, float64 
[ 2023-03-21 11:24:17,103 ] 89 root - INFO - Hypothesis cn_007: float64, float64 
[ 2023-03-21 11:24:17,110 ] 89 root - INFO - Hypothesis cn_008: float64, float64 
[ 2023-03-21 11:24:17,116 ] 89 root - INFO - Hypothesis cn_009: float64, float64 
[ 2023-03-21 11:24:17,121 ] 89 root - INFO - Hypothesis cp_000: float64, float64 
[ 2023-03-21 11:24:17,126 ] 89 root - INFO - Hypothesis cq_000: float64, float64 
[ 2023-03-21 11:24:17,134 ] 89 root - INFO - Hypothesis cs_000: float64, float64 
[ 2023-03-21 11:24:17,140 ] 89 root - INFO - Hypothesis cs_001: float64, float64 
[ 2023-03-21 11:24:17,146 ] 89 root - INFO - Hypothesis cs_002: float64, float64 
[ 2023-03-21 11:24:17,153 ] 89 root - INFO - Hypothesis cs_003: float64, float64 
[ 2023-03-21 11:24:17,160 ] 89 root - INFO - Hypothesis cs_004: float64, float64 
[ 2023-03-21 11:24:17,167 ] 89 root - INFO - Hypothesis cs_005: float64, float64 
[ 2023-03-21 11:24:17,175 ] 89 root - INFO - Hypothesis cs_006: float64, float64 
[ 2023-03-21 11:24:17,182 ] 89 root - INFO - Hypothesis cs_007: float64, float64 
[ 2023-03-21 11:24:17,189 ] 89 root - INFO - Hypothesis cs_008: float64, float64 
[ 2023-03-21 11:24:17,195 ] 89 root - INFO - Hypothesis cs_009: float64, float64 
[ 2023-03-21 11:24:17,198 ] 89 root - INFO - Hypothesis dd_000: float64, float64 
[ 2023-03-21 11:24:17,204 ] 89 root - INFO - Hypothesis de_000: float64, float64 
[ 2023-03-21 11:24:17,210 ] 89 root - INFO - Hypothesis df_000: float64, float64 
[ 2023-03-21 11:24:17,225 ] 89 root - INFO - Hypothesis dg_000: float64, float64 
[ 2023-03-21 11:24:17,241 ] 89 root - INFO - Hypothesis dh_000: float64, float64 
[ 2023-03-21 11:24:17,245 ] 89 root - INFO - Hypothesis di_000: float64, float64 
[ 2023-03-21 11:24:17,249 ] 89 root - INFO - Hypothesis dj_000: float64, float64 
[ 2023-03-21 11:24:17,264 ] 89 root - INFO - Hypothesis dk_000: float64, float64 
[ 2023-03-21 11:24:17,280 ] 89 root - INFO - Hypothesis dl_000: float64, float64 
[ 2023-03-21 11:24:17,296 ] 89 root - INFO - Hypothesis dm_000: float64, float64 
[ 2023-03-21 11:24:17,311 ] 89 root - INFO - Hypothesis dn_000: float64, float64 
[ 2023-03-21 11:24:17,318 ] 89 root - INFO - Hypothesis do_000: float64, float64 
[ 2023-03-21 11:24:17,325 ] 89 root - INFO - Hypothesis dp_000: float64, float64 
[ 2023-03-21 11:24:17,331 ] 89 root - INFO - Hypothesis dq_000: float64, float64 
[ 2023-03-21 11:24:17,335 ] 89 root - INFO - Hypothesis dr_000: float64, float64 
[ 2023-03-21 11:24:17,339 ] 89 root - INFO - Hypothesis ds_000: float64, float64 
[ 2023-03-21 11:24:17,346 ] 89 root - INFO - Hypothesis dt_000: float64, float64 
[ 2023-03-21 11:24:17,353 ] 89 root - INFO - Hypothesis du_000: float64, float64 
[ 2023-03-21 11:24:17,360 ] 89 root - INFO - Hypothesis dv_000: float64, float64 
[ 2023-03-21 11:24:17,367 ] 89 root - INFO - Hypothesis dx_000: float64, float64 
[ 2023-03-21 11:24:17,371 ] 89 root - INFO - Hypothesis dy_000: float64, float64 
[ 2023-03-21 11:24:17,376 ] 89 root - INFO - Hypothesis dz_000: float64, float64 
[ 2023-03-21 11:24:17,391 ] 89 root - INFO - Hypothesis ea_000: float64, float64 
[ 2023-03-21 11:24:17,395 ] 89 root - INFO - Hypothesis eb_000: float64, float64 
[ 2023-03-21 11:24:17,400 ] 89 root - INFO - Hypothesis ec_00: float64, float64 
[ 2023-03-21 11:24:17,407 ] 89 root - INFO - Hypothesis ed_000: float64, float64 
[ 2023-03-21 11:24:17,413 ] 89 root - INFO - Hypothesis ee_000: float64, float64 
[ 2023-03-21 11:24:17,421 ] 89 root - INFO - Hypothesis ee_001: float64, float64 
[ 2023-03-21 11:24:17,428 ] 89 root - INFO - Hypothesis ee_002: float64, float64 
[ 2023-03-21 11:24:17,435 ] 89 root - INFO - Hypothesis ee_003: float64, float64 
[ 2023-03-21 11:24:17,441 ] 89 root - INFO - Hypothesis ee_004: float64, float64 
[ 2023-03-21 11:24:17,448 ] 89 root - INFO - Hypothesis ee_005: float64, float64 
[ 2023-03-21 11:24:17,455 ] 89 root - INFO - Hypothesis ee_006: float64, float64 
[ 2023-03-21 11:24:17,462 ] 89 root - INFO - Hypothesis ee_007: float64, float64 
[ 2023-03-21 11:24:17,469 ] 89 root - INFO - Hypothesis ee_008: float64, float64 
[ 2023-03-21 11:24:17,475 ] 89 root - INFO - Hypothesis ee_009: float64, float64 
[ 2023-03-21 11:24:17,480 ] 89 root - INFO - Hypothesis ef_000: float64, float64 
[ 2023-03-21 11:24:17,496 ] 89 root - INFO - Hypothesis eg_000: float64, float64 
[ 2023-03-21 11:24:17,499 ] 148 root - INFO - Write reprt in yaml file
