[ 2023-03-21 11:31:39,141 ] 16 root - INFO - >>>>>>>>>>>>>>>>>>>>>>>>>>>>>>>>>>>>>>>> Data Ingestion <<<<<<<<<<<<<<<<<<<<<<<<<<<<<<<<<<<<<<<<
[ 2023-03-21 11:31:39,141 ] 23 root - INFO - Exporting collection data as pandas dataframe
[ 2023-03-21 11:31:39,141 ] 21 root - INFO - Reading data from database: aps and collection: sensor
[ 2023-03-21 11:31:42,483 ] 23 root - INFO - Found columns:Index(['_id', 'class', 'aa_000', 'ab_000', 'ac_000', 'ad_000', 'ae_000',
       'af_000', 'ag_000', 'ag_001',
       ...
       'ee_002', 'ee_003', 'ee_004', 'ee_005', 'ee_006', 'ee_007', 'ee_008',
       'ee_009', 'ef_000', 'eg_000'],
      dtype='object', length=172)
[ 2023-03-21 11:31:42,484 ] 25 root - INFO - Dropping column: _id 
[ 2023-03-21 11:31:42,702 ] 27 root - INFO - Row and columns in df: (36188, 171)
[ 2023-03-21 11:31:42,703 ] 29 root - INFO - Save data in feature store
[ 2023-03-21 11:31:43,231 ] 35 root - INFO - Create feature store folder if not available
[ 2023-03-21 11:31:43,232 ] 39 root - INFO - Save df to feature store folder
[ 2023-03-21 11:31:45,596 ] 44 root - INFO - split dataset into train and test set
[ 2023-03-21 11:31:46,141 ] 48 root - INFO - create dataset directory folder if not available
[ 2023-03-21 11:31:46,141 ] 53 root - INFO - Save df to feature store folder
[ 2023-03-21 11:31:48,280 ] 65 root - INFO - Data ingestion artifact: DataIngestionArtifact(feature_store_file_path='/config/workspace/artifact/03212023__113139/data_ingestion/feature_store/sensor.csv', train_file_path='/config/workspace/artifact/03212023__113139/data_ingestion/dataset/train.csv', test_file_path='/config/workspace/artifact/03212023__113139/data_ingestion/dataset/test.csv')
[ 2023-03-21 11:31:48,730 ] 22 root - INFO - >>>>>>>>>>>>>>>>>>>>>>>>>>>>>>>>>>>>>>>> Data Validation <<<<<<<<<<<<<<<<<<<<<<<<<<<<<<<<<<<<<<<<
[ 2023-03-21 11:31:48,731 ] 111 root - INFO - Reading base dataframe
[ 2023-03-21 11:31:51,624 ] 114 root - INFO - Replace na value in base df
[ 2023-03-21 11:31:51,625 ] 116 root - INFO - Drop null values colums from base df
[ 2023-03-21 11:31:52,530 ] 45 root - INFO - selecting column name which contains null above to 0.2
[ 2023-03-21 11:31:52,531 ] 48 root - INFO - Columns to drop: ['ab_000', 'ad_000', 'bk_000', 'bl_000', 'bm_000', 'bn_000', 'bo_000', 'bp_000', 'bq_000', 'br_000', 'cf_000', 'cg_000', 'ch_000', 'co_000', 'cr_000', 'ct_000', 'cu_000', 'cv_000', 'cx_000', 'cy_000', 'cz_000', 'da_000', 'db_000', 'dc_000']
[ 2023-03-21 11:31:52,616 ] 119 root - INFO - Reading train dataframe
[ 2023-03-21 11:31:53,008 ] 121 root - INFO - Reading test dataframe
[ 2023-03-21 11:31:53,107 ] 124 root - INFO - Drop null values colums from train df
[ 2023-03-21 11:31:53,119 ] 45 root - INFO - selecting column name which contains null above to 0.2
[ 2023-03-21 11:31:53,119 ] 48 root - INFO - Columns to drop: ['ab_000', 'ad_000', 'bk_000', 'bl_000', 'bm_000', 'bn_000', 'bo_000', 'bp_000', 'bq_000', 'br_000', 'cf_000', 'cg_000', 'ch_000', 'co_000', 'cr_000', 'ct_000', 'cu_000', 'cv_000', 'cx_000', 'cy_000', 'cz_000', 'da_000', 'db_000', 'dc_000']
[ 2023-03-21 11:31:53,128 ] 126 root - INFO - Drop null values colums from test df
[ 2023-03-21 11:31:53,132 ] 45 root - INFO - selecting column name which contains null above to 0.2
[ 2023-03-21 11:31:53,133 ] 48 root - INFO - Columns to drop: ['ab_000', 'ad_000', 'bk_000', 'bl_000', 'bm_000', 'bn_000', 'bo_000', 'bp_000', 'bq_000', 'br_000', 'cf_000', 'cg_000', 'ch_000', 'co_000', 'cr_000', 'ct_000', 'cu_000', 'cv_000', 'cx_000', 'cy_000', 'cz_000', 'da_000', 'db_000', 'dc_000']
[ 2023-03-21 11:31:59,093 ] 135 root - INFO - Is all required columns present in train df
[ 2023-03-21 11:31:59,094 ] 137 root - INFO - Is all required columns present in test df
[ 2023-03-21 11:31:59,094 ] 141 root - INFO - As all column are available in train df hence detecting data drift
[ 2023-03-21 11:31:59,094 ] 89 root - INFO - Hypothesis class: object, object 
[ 2023-03-21 11:31:59,232 ] 89 root - INFO - Hypothesis aa_000: float64, float64 
[ 2023-03-21 11:31:59,242 ] 89 root - INFO - Hypothesis ac_000: float64, float64 
[ 2023-03-21 11:31:59,282 ] 89 root - INFO - Hypothesis ae_000: float64, float64 
[ 2023-03-21 11:31:59,319 ] 89 root - INFO - Hypothesis af_000: float64, float64 
[ 2023-03-21 11:31:59,356 ] 89 root - INFO - Hypothesis ag_000: float64, float64 
[ 2023-03-21 11:31:59,392 ] 89 root - INFO - Hypothesis ag_001: float64, float64 
[ 2023-03-21 11:31:59,427 ] 89 root - INFO - Hypothesis ag_002: float64, float64 
[ 2023-03-21 11:31:59,464 ] 89 root - INFO - Hypothesis ag_003: float64, float64 
[ 2023-03-21 11:31:59,502 ] 89 root - INFO - Hypothesis ag_004: float64, float64 
[ 2023-03-21 11:31:59,513 ] 89 root - INFO - Hypothesis ag_005: float64, float64 
[ 2023-03-21 11:31:59,561 ] 89 root - INFO - Hypothesis ag_006: float64, float64 
[ 2023-03-21 11:31:59,572 ] 89 root - INFO - Hypothesis ag_007: float64, float64 
[ 2023-03-21 11:31:59,581 ] 89 root - INFO - Hypothesis ag_008: float64, float64 
[ 2023-03-21 11:31:59,592 ] 89 root - INFO - Hypothesis ag_009: float64, float64 
[ 2023-03-21 11:31:59,599 ] 89 root - INFO - Hypothesis ah_000: float64, float64 
[ 2023-03-21 11:31:59,611 ] 89 root - INFO - Hypothesis ai_000: float64, float64 
[ 2023-03-21 11:31:59,649 ] 89 root - INFO - Hypothesis aj_000: float64, float64 
[ 2023-03-21 11:31:59,687 ] 89 root - INFO - Hypothesis ak_000: float64, float64 
[ 2023-03-21 11:31:59,730 ] 89 root - INFO - Hypothesis al_000: float64, float64 
[ 2023-03-21 11:31:59,738 ] 89 root - INFO - Hypothesis am_0: float64, float64 
[ 2023-03-21 11:31:59,778 ] 89 root - INFO - Hypothesis an_000: float64, float64 
[ 2023-03-21 11:31:59,821 ] 89 root - INFO - Hypothesis ao_000: float64, float64 
[ 2023-03-21 11:31:59,865 ] 89 root - INFO - Hypothesis ap_000: float64, float64 
[ 2023-03-21 11:31:59,876 ] 89 root - INFO - Hypothesis aq_000: float64, float64 
[ 2023-03-21 11:31:59,886 ] 89 root - INFO - Hypothesis ar_000: float64, float64 
[ 2023-03-21 11:31:59,924 ] 89 root - INFO - Hypothesis as_000: float64, float64 
[ 2023-03-21 11:31:59,928 ] 89 root - INFO - Hypothesis at_000: float64, float64 
[ 2023-03-21 11:31:59,965 ] 89 root - INFO - Hypothesis au_000: float64, float64 
[ 2023-03-21 11:32:00,001 ] 89 root - INFO - Hypothesis av_000: float64, float64 
[ 2023-03-21 11:32:00,042 ] 89 root - INFO - Hypothesis ax_000: float64, float64 
[ 2023-03-21 11:32:00,050 ] 89 root - INFO - Hypothesis ay_000: float64, float64 
[ 2023-03-21 11:32:00,086 ] 89 root - INFO - Hypothesis ay_001: float64, float64 
[ 2023-03-21 11:32:00,123 ] 89 root - INFO - Hypothesis ay_002: float64, float64 
[ 2023-03-21 11:32:00,159 ] 89 root - INFO - Hypothesis ay_003: float64, float64 
[ 2023-03-21 11:32:00,196 ] 89 root - INFO - Hypothesis ay_004: float64, float64 
[ 2023-03-21 11:32:00,233 ] 89 root - INFO - Hypothesis ay_005: float64, float64 
[ 2023-03-21 11:32:00,241 ] 89 root - INFO - Hypothesis ay_006: float64, float64 
[ 2023-03-21 11:32:00,250 ] 89 root - INFO - Hypothesis ay_007: float64, float64 
[ 2023-03-21 11:32:00,260 ] 89 root - INFO - Hypothesis ay_008: float64, float64 
[ 2023-03-21 11:32:00,303 ] 89 root - INFO - Hypothesis ay_009: float64, float64 
[ 2023-03-21 11:32:00,338 ] 89 root - INFO - Hypothesis az_000: float64, float64 
[ 2023-03-21 11:32:00,348 ] 89 root - INFO - Hypothesis az_001: float64, float64 
[ 2023-03-21 11:32:00,357 ] 89 root - INFO - Hypothesis az_002: float64, float64 
[ 2023-03-21 11:32:00,367 ] 89 root - INFO - Hypothesis az_003: float64, float64 
[ 2023-03-21 11:32:00,377 ] 89 root - INFO - Hypothesis az_004: float64, float64 
[ 2023-03-21 11:32:00,389 ] 89 root - INFO - Hypothesis az_005: float64, float64 
[ 2023-03-21 11:32:00,402 ] 89 root - INFO - Hypothesis az_006: float64, float64 
[ 2023-03-21 11:32:00,412 ] 89 root - INFO - Hypothesis az_007: float64, float64 
[ 2023-03-21 11:32:00,452 ] 89 root - INFO - Hypothesis az_008: float64, float64 
[ 2023-03-21 11:32:00,489 ] 89 root - INFO - Hypothesis az_009: float64, float64 
[ 2023-03-21 11:32:00,527 ] 89 root - INFO - Hypothesis ba_000: float64, float64 
[ 2023-03-21 11:32:00,538 ] 89 root - INFO - Hypothesis ba_001: float64, float64 
[ 2023-03-21 11:32:00,550 ] 89 root - INFO - Hypothesis ba_002: float64, float64 
[ 2023-03-21 11:32:00,561 ] 89 root - INFO - Hypothesis ba_003: float64, float64 
[ 2023-03-21 11:32:00,572 ] 89 root - INFO - Hypothesis ba_004: float64, float64 
[ 2023-03-21 11:32:00,582 ] 89 root - INFO - Hypothesis ba_005: float64, float64 
[ 2023-03-21 11:32:00,592 ] 89 root - INFO - Hypothesis ba_006: float64, float64 
[ 2023-03-21 11:32:00,602 ] 89 root - INFO - Hypothesis ba_007: float64, float64 
[ 2023-03-21 11:32:00,611 ] 89 root - INFO - Hypothesis ba_008: float64, float64 
[ 2023-03-21 11:32:00,653 ] 89 root - INFO - Hypothesis ba_009: float64, float64 
[ 2023-03-21 11:32:00,693 ] 89 root - INFO - Hypothesis bb_000: float64, float64 
[ 2023-03-21 11:32:00,703 ] 89 root - INFO - Hypothesis bc_000: float64, float64 
[ 2023-03-21 11:32:00,711 ] 89 root - INFO - Hypothesis bd_000: float64, float64 
[ 2023-03-21 11:32:00,752 ] 89 root - INFO - Hypothesis be_000: float64, float64 
[ 2023-03-21 11:32:00,760 ] 89 root - INFO - Hypothesis bf_000: float64, float64 
[ 2023-03-21 11:32:00,799 ] 89 root - INFO - Hypothesis bg_000: float64, float64 
[ 2023-03-21 11:32:00,810 ] 89 root - INFO - Hypothesis bh_000: float64, float64 
[ 2023-03-21 11:32:00,820 ] 89 root - INFO - Hypothesis bi_000: float64, float64 
[ 2023-03-21 11:32:00,832 ] 89 root - INFO - Hypothesis bj_000: float64, float64 
[ 2023-03-21 11:32:00,843 ] 89 root - INFO - Hypothesis bs_000: float64, float64 
[ 2023-03-21 11:32:00,928 ] 89 root - INFO - Hypothesis bt_000: float64, float64 
[ 2023-03-21 11:32:00,939 ] 89 root - INFO - Hypothesis bu_000: float64, float64 
[ 2023-03-21 11:32:00,950 ] 89 root - INFO - Hypothesis bv_000: float64, float64 
[ 2023-03-21 11:32:00,960 ] 89 root - INFO - Hypothesis bx_000: float64, float64 
[ 2023-03-21 11:32:01,002 ] 89 root - INFO - Hypothesis by_000: float64, float64 
[ 2023-03-21 11:32:01,012 ] 89 root - INFO - Hypothesis bz_000: float64, float64 
[ 2023-03-21 11:32:01,055 ] 89 root - INFO - Hypothesis ca_000: float64, float64 
[ 2023-03-21 11:32:01,065 ] 89 root - INFO - Hypothesis cb_000: float64, float64 
[ 2023-03-21 11:32:01,076 ] 89 root - INFO - Hypothesis cc_000: float64, float64 
[ 2023-03-21 11:32:01,086 ] 89 root - INFO - Hypothesis cd_000: float64, float64 
[ 2023-03-21 11:32:01,123 ] 89 root - INFO - Hypothesis ce_000: float64, float64 
[ 2023-03-21 11:32:01,133 ] 89 root - INFO - Hypothesis ci_000: float64, float64 
[ 2023-03-21 11:32:01,143 ] 89 root - INFO - Hypothesis cj_000: float64, float64 
[ 2023-03-21 11:32:01,181 ] 89 root - INFO - Hypothesis ck_000: float64, float64 
[ 2023-03-21 11:32:01,191 ] 89 root - INFO - Hypothesis cl_000: float64, float64 
[ 2023-03-21 11:32:01,229 ] 89 root - INFO - Hypothesis cm_000: float64, float64 
[ 2023-03-21 11:32:01,268 ] 89 root - INFO - Hypothesis cn_000: float64, float64 
[ 2023-03-21 11:32:01,305 ] 89 root - INFO - Hypothesis cn_001: float64, float64 
[ 2023-03-21 11:32:01,342 ] 89 root - INFO - Hypothesis cn_002: float64, float64 
[ 2023-03-21 11:32:01,382 ] 89 root - INFO - Hypothesis cn_003: float64, float64 
[ 2023-03-21 11:32:01,392 ] 89 root - INFO - Hypothesis cn_004: float64, float64 
[ 2023-03-21 11:32:01,403 ] 89 root - INFO - Hypothesis cn_005: float64, float64 
[ 2023-03-21 11:32:01,413 ] 89 root - INFO - Hypothesis cn_006: float64, float64 
[ 2023-03-21 11:32:01,423 ] 89 root - INFO - Hypothesis cn_007: float64, float64 
[ 2023-03-21 11:32:01,433 ] 89 root - INFO - Hypothesis cn_008: float64, float64 
[ 2023-03-21 11:32:01,442 ] 89 root - INFO - Hypothesis cn_009: float64, float64 
[ 2023-03-21 11:32:01,449 ] 89 root - INFO - Hypothesis cp_000: float64, float64 
[ 2023-03-21 11:32:01,457 ] 89 root - INFO - Hypothesis cq_000: float64, float64 
[ 2023-03-21 11:32:01,467 ] 89 root - INFO - Hypothesis cs_000: float64, float64 
[ 2023-03-21 11:32:01,477 ] 89 root - INFO - Hypothesis cs_001: float64, float64 
[ 2023-03-21 11:32:01,485 ] 89 root - INFO - Hypothesis cs_002: float64, float64 
[ 2023-03-21 11:32:01,528 ] 89 root - INFO - Hypothesis cs_003: float64, float64 
[ 2023-03-21 11:32:01,539 ] 89 root - INFO - Hypothesis cs_004: float64, float64 
[ 2023-03-21 11:32:01,549 ] 89 root - INFO - Hypothesis cs_005: float64, float64 
[ 2023-03-21 11:32:01,560 ] 89 root - INFO - Hypothesis cs_006: float64, float64 
[ 2023-03-21 11:32:01,571 ] 89 root - INFO - Hypothesis cs_007: float64, float64 
[ 2023-03-21 11:32:01,615 ] 89 root - INFO - Hypothesis cs_008: float64, float64 
[ 2023-03-21 11:32:01,623 ] 89 root - INFO - Hypothesis cs_009: float64, float64 
[ 2023-03-21 11:32:01,659 ] 89 root - INFO - Hypothesis dd_000: float64, float64 
[ 2023-03-21 11:32:01,670 ] 89 root - INFO - Hypothesis de_000: float64, float64 
[ 2023-03-21 11:32:01,678 ] 89 root - INFO - Hypothesis df_000: float64, float64 
[ 2023-03-21 11:32:01,715 ] 89 root - INFO - Hypothesis dg_000: float64, float64 
[ 2023-03-21 11:32:01,753 ] 89 root - INFO - Hypothesis dh_000: float64, float64 
[ 2023-03-21 11:32:01,791 ] 89 root - INFO - Hypothesis di_000: float64, float64 
[ 2023-03-21 11:32:01,797 ] 89 root - INFO - Hypothesis dj_000: float64, float64 
[ 2023-03-21 11:32:01,834 ] 89 root - INFO - Hypothesis dk_000: float64, float64 
[ 2023-03-21 11:32:01,872 ] 89 root - INFO - Hypothesis dl_000: float64, float64 
[ 2023-03-21 11:32:01,910 ] 89 root - INFO - Hypothesis dm_000: float64, float64 
[ 2023-03-21 11:32:01,946 ] 89 root - INFO - Hypothesis dn_000: float64, float64 
[ 2023-03-21 11:32:01,956 ] 89 root - INFO - Hypothesis do_000: float64, float64 
[ 2023-03-21 11:32:01,965 ] 89 root - INFO - Hypothesis dp_000: float64, float64 
[ 2023-03-21 11:32:01,975 ] 89 root - INFO - Hypothesis dq_000: float64, float64 
[ 2023-03-21 11:32:02,014 ] 89 root - INFO - Hypothesis dr_000: float64, float64 
[ 2023-03-21 11:32:02,052 ] 89 root - INFO - Hypothesis ds_000: float64, float64 
[ 2023-03-21 11:32:02,062 ] 89 root - INFO - Hypothesis dt_000: float64, float64 
[ 2023-03-21 11:32:02,072 ] 89 root - INFO - Hypothesis du_000: float64, float64 
[ 2023-03-21 11:32:02,114 ] 89 root - INFO - Hypothesis dv_000: float64, float64 
[ 2023-03-21 11:32:02,156 ] 89 root - INFO - Hypothesis dx_000: float64, float64 
[ 2023-03-21 11:32:02,163 ] 89 root - INFO - Hypothesis dy_000: float64, float64 
[ 2023-03-21 11:32:02,169 ] 89 root - INFO - Hypothesis dz_000: float64, float64 
[ 2023-03-21 11:32:02,206 ] 89 root - INFO - Hypothesis ea_000: float64, float64 
[ 2023-03-21 11:32:02,242 ] 89 root - INFO - Hypothesis eb_000: float64, float64 
[ 2023-03-21 11:32:02,287 ] 89 root - INFO - Hypothesis ec_00: float64, float64 
[ 2023-03-21 11:32:02,298 ] 89 root - INFO - Hypothesis ed_000: float64, float64 
[ 2023-03-21 11:32:02,306 ] 89 root - INFO - Hypothesis ee_000: float64, float64 
[ 2023-03-21 11:32:02,317 ] 89 root - INFO - Hypothesis ee_001: float64, float64 
[ 2023-03-21 11:32:02,328 ] 89 root - INFO - Hypothesis ee_002: float64, float64 
[ 2023-03-21 11:32:02,338 ] 89 root - INFO - Hypothesis ee_003: float64, float64 
[ 2023-03-21 11:32:02,348 ] 89 root - INFO - Hypothesis ee_004: float64, float64 
[ 2023-03-21 11:32:02,359 ] 89 root - INFO - Hypothesis ee_005: float64, float64 
[ 2023-03-21 11:32:02,369 ] 89 root - INFO - Hypothesis ee_006: float64, float64 
[ 2023-03-21 11:32:02,379 ] 89 root - INFO - Hypothesis ee_007: float64, float64 
[ 2023-03-21 11:32:02,389 ] 89 root - INFO - Hypothesis ee_008: float64, float64 
[ 2023-03-21 11:32:02,397 ] 89 root - INFO - Hypothesis ee_009: float64, float64 
[ 2023-03-21 11:32:02,405 ] 89 root - INFO - Hypothesis ef_000: float64, float64 
[ 2023-03-21 11:32:02,442 ] 89 root - INFO - Hypothesis eg_000: float64, float64 
[ 2023-03-21 11:32:02,478 ] 144 root - INFO - As all column are available in test df hence detecting data drift
[ 2023-03-21 11:32:02,479 ] 89 root - INFO - Hypothesis class: object, object 
[ 2023-03-21 11:32:02,554 ] 89 root - INFO - Hypothesis aa_000: float64, float64 
[ 2023-03-21 11:32:02,561 ] 89 root - INFO - Hypothesis ac_000: float64, float64 
[ 2023-03-21 11:32:02,567 ] 89 root - INFO - Hypothesis ae_000: float64, float64 
[ 2023-03-21 11:32:02,583 ] 89 root - INFO - Hypothesis af_000: float64, float64 
[ 2023-03-21 11:32:02,599 ] 89 root - INFO - Hypothesis ag_000: float64, float64 
[ 2023-03-21 11:32:02,614 ] 89 root - INFO - Hypothesis ag_001: float64, float64 
[ 2023-03-21 11:32:02,629 ] 89 root - INFO - Hypothesis ag_002: float64, float64 
[ 2023-03-21 11:32:02,648 ] 89 root - INFO - Hypothesis ag_003: float64, float64 
[ 2023-03-21 11:32:02,653 ] 89 root - INFO - Hypothesis ag_004: float64, float64 
[ 2023-03-21 11:32:02,660 ] 89 root - INFO - Hypothesis ag_005: float64, float64 
[ 2023-03-21 11:32:02,668 ] 89 root - INFO - Hypothesis ag_006: float64, float64 
[ 2023-03-21 11:32:02,675 ] 89 root - INFO - Hypothesis ag_007: float64, float64 
[ 2023-03-21 11:32:02,681 ] 89 root - INFO - Hypothesis ag_008: float64, float64 
[ 2023-03-21 11:32:02,687 ] 89 root - INFO - Hypothesis ag_009: float64, float64 
[ 2023-03-21 11:32:02,691 ] 89 root - INFO - Hypothesis ah_000: float64, float64 
[ 2023-03-21 11:32:02,698 ] 89 root - INFO - Hypothesis ai_000: float64, float64 
[ 2023-03-21 11:32:02,714 ] 89 root - INFO - Hypothesis aj_000: float64, float64 
[ 2023-03-21 11:32:02,718 ] 89 root - INFO - Hypothesis ak_000: float64, float64 
[ 2023-03-21 11:32:02,721 ] 89 root - INFO - Hypothesis al_000: float64, float64 
[ 2023-03-21 11:32:02,729 ] 89 root - INFO - Hypothesis am_0: float64, float64 
[ 2023-03-21 11:32:02,738 ] 89 root - INFO - Hypothesis an_000: float64, float64 
[ 2023-03-21 11:32:02,746 ] 89 root - INFO - Hypothesis ao_000: float64, float64 
[ 2023-03-21 11:32:02,754 ] 89 root - INFO - Hypothesis ap_000: float64, float64 
[ 2023-03-21 11:32:02,761 ] 89 root - INFO - Hypothesis aq_000: float64, float64 
[ 2023-03-21 11:32:02,769 ] 89 root - INFO - Hypothesis ar_000: float64, float64 
[ 2023-03-21 11:32:02,784 ] 89 root - INFO - Hypothesis as_000: float64, float64 
[ 2023-03-21 11:32:02,800 ] 89 root - INFO - Hypothesis at_000: float64, float64 
[ 2023-03-21 11:32:02,816 ] 89 root - INFO - Hypothesis au_000: float64, float64 
[ 2023-03-21 11:32:02,832 ] 89 root - INFO - Hypothesis av_000: float64, float64 
[ 2023-03-21 11:32:02,838 ] 89 root - INFO - Hypothesis ax_000: float64, float64 
[ 2023-03-21 11:32:02,844 ] 89 root - INFO - Hypothesis ay_000: float64, float64 
[ 2023-03-21 11:32:02,859 ] 89 root - INFO - Hypothesis ay_001: float64, float64 
[ 2023-03-21 11:32:02,862 ] 89 root - INFO - Hypothesis ay_002: float64, float64 
[ 2023-03-21 11:32:02,877 ] 89 root - INFO - Hypothesis ay_003: float64, float64 
[ 2023-03-21 11:32:02,892 ] 89 root - INFO - Hypothesis ay_004: float64, float64 
[ 2023-03-21 11:32:02,896 ] 89 root - INFO - Hypothesis ay_005: float64, float64 
[ 2023-03-21 11:32:02,901 ] 89 root - INFO - Hypothesis ay_006: float64, float64 
[ 2023-03-21 11:32:02,907 ] 89 root - INFO - Hypothesis ay_007: float64, float64 
[ 2023-03-21 11:32:02,914 ] 89 root - INFO - Hypothesis ay_008: float64, float64 
[ 2023-03-21 11:32:02,921 ] 89 root - INFO - Hypothesis ay_009: float64, float64 
[ 2023-03-21 11:32:02,936 ] 89 root - INFO - Hypothesis az_000: float64, float64 
[ 2023-03-21 11:32:02,943 ] 89 root - INFO - Hypothesis az_001: float64, float64 
[ 2023-03-21 11:32:02,949 ] 89 root - INFO - Hypothesis az_002: float64, float64 
[ 2023-03-21 11:32:02,955 ] 89 root - INFO - Hypothesis az_003: float64, float64 
[ 2023-03-21 11:32:02,962 ] 89 root - INFO - Hypothesis az_004: float64, float64 
[ 2023-03-21 11:32:02,969 ] 89 root - INFO - Hypothesis az_005: float64, float64 
[ 2023-03-21 11:32:02,976 ] 89 root - INFO - Hypothesis az_006: float64, float64 
[ 2023-03-21 11:32:02,982 ] 89 root - INFO - Hypothesis az_007: float64, float64 
[ 2023-03-21 11:32:02,986 ] 89 root - INFO - Hypothesis az_008: float64, float64 
[ 2023-03-21 11:32:03,002 ] 89 root - INFO - Hypothesis az_009: float64, float64 
[ 2023-03-21 11:32:03,018 ] 89 root - INFO - Hypothesis ba_000: float64, float64 
[ 2023-03-21 11:32:03,025 ] 89 root - INFO - Hypothesis ba_001: float64, float64 
[ 2023-03-21 11:32:03,032 ] 89 root - INFO - Hypothesis ba_002: float64, float64 
[ 2023-03-21 11:32:03,039 ] 89 root - INFO - Hypothesis ba_003: float64, float64 
[ 2023-03-21 11:32:03,046 ] 89 root - INFO - Hypothesis ba_004: float64, float64 
[ 2023-03-21 11:32:03,053 ] 89 root - INFO - Hypothesis ba_005: float64, float64 
[ 2023-03-21 11:32:03,059 ] 89 root - INFO - Hypothesis ba_006: float64, float64 
[ 2023-03-21 11:32:03,066 ] 89 root - INFO - Hypothesis ba_007: float64, float64 
[ 2023-03-21 11:32:03,073 ] 89 root - INFO - Hypothesis ba_008: float64, float64 
[ 2023-03-21 11:32:03,078 ] 89 root - INFO - Hypothesis ba_009: float64, float64 
[ 2023-03-21 11:32:03,083 ] 89 root - INFO - Hypothesis bb_000: float64, float64 
[ 2023-03-21 11:32:03,089 ] 89 root - INFO - Hypothesis bc_000: float64, float64 
[ 2023-03-21 11:32:03,095 ] 89 root - INFO - Hypothesis bd_000: float64, float64 
[ 2023-03-21 11:32:03,100 ] 89 root - INFO - Hypothesis be_000: float64, float64 
[ 2023-03-21 11:32:03,106 ] 89 root - INFO - Hypothesis bf_000: float64, float64 
[ 2023-03-21 11:32:03,110 ] 89 root - INFO - Hypothesis bg_000: float64, float64 
[ 2023-03-21 11:32:03,117 ] 89 root - INFO - Hypothesis bh_000: float64, float64 
[ 2023-03-21 11:32:03,124 ] 89 root - INFO - Hypothesis bi_000: float64, float64 
[ 2023-03-21 11:32:03,131 ] 89 root - INFO - Hypothesis bj_000: float64, float64 
[ 2023-03-21 11:32:03,138 ] 89 root - INFO - Hypothesis bs_000: float64, float64 
[ 2023-03-21 11:32:03,145 ] 89 root - INFO - Hypothesis bt_000: float64, float64 
[ 2023-03-21 11:32:03,153 ] 89 root - INFO - Hypothesis bu_000: float64, float64 
[ 2023-03-21 11:32:03,159 ] 89 root - INFO - Hypothesis bv_000: float64, float64 
[ 2023-03-21 11:32:03,166 ] 89 root - INFO - Hypothesis bx_000: float64, float64 
[ 2023-03-21 11:32:03,173 ] 89 root - INFO - Hypothesis by_000: float64, float64 
[ 2023-03-21 11:32:03,180 ] 89 root - INFO - Hypothesis bz_000: float64, float64 
[ 2023-03-21 11:32:03,187 ] 89 root - INFO - Hypothesis ca_000: float64, float64 
[ 2023-03-21 11:32:03,194 ] 89 root - INFO - Hypothesis cb_000: float64, float64 
[ 2023-03-21 11:32:03,201 ] 89 root - INFO - Hypothesis cc_000: float64, float64 
[ 2023-03-21 11:32:03,208 ] 89 root - INFO - Hypothesis cd_000: float64, float64 
[ 2023-03-21 11:32:03,224 ] 89 root - INFO - Hypothesis ce_000: float64, float64 
[ 2023-03-21 11:32:03,230 ] 89 root - INFO - Hypothesis ci_000: float64, float64 
[ 2023-03-21 11:32:03,237 ] 89 root - INFO - Hypothesis cj_000: float64, float64 
[ 2023-03-21 11:32:03,241 ] 89 root - INFO - Hypothesis ck_000: float64, float64 
[ 2023-03-21 11:32:03,248 ] 89 root - INFO - Hypothesis cl_000: float64, float64 
[ 2023-03-21 11:32:03,253 ] 89 root - INFO - Hypothesis cm_000: float64, float64 
[ 2023-03-21 11:32:03,258 ] 89 root - INFO - Hypothesis cn_000: float64, float64 
[ 2023-03-21 11:32:03,274 ] 89 root - INFO - Hypothesis cn_001: float64, float64 
[ 2023-03-21 11:32:03,290 ] 89 root - INFO - Hypothesis cn_002: float64, float64 
[ 2023-03-21 11:32:03,296 ] 89 root - INFO - Hypothesis cn_003: float64, float64 
[ 2023-03-21 11:32:03,303 ] 89 root - INFO - Hypothesis cn_004: float64, float64 
[ 2023-03-21 11:32:03,310 ] 89 root - INFO - Hypothesis cn_005: float64, float64 
[ 2023-03-21 11:32:03,317 ] 89 root - INFO - Hypothesis cn_006: float64, float64 
[ 2023-03-21 11:32:03,323 ] 89 root - INFO - Hypothesis cn_007: float64, float64 
[ 2023-03-21 11:32:03,330 ] 89 root - INFO - Hypothesis cn_008: float64, float64 
[ 2023-03-21 11:32:03,336 ] 89 root - INFO - Hypothesis cn_009: float64, float64 
[ 2023-03-21 11:32:03,341 ] 89 root - INFO - Hypothesis cp_000: float64, float64 
[ 2023-03-21 11:32:03,346 ] 89 root - INFO - Hypothesis cq_000: float64, float64 
[ 2023-03-21 11:32:03,353 ] 89 root - INFO - Hypothesis cs_000: float64, float64 
[ 2023-03-21 11:32:03,359 ] 89 root - INFO - Hypothesis cs_001: float64, float64 
[ 2023-03-21 11:32:03,365 ] 89 root - INFO - Hypothesis cs_002: float64, float64 
[ 2023-03-21 11:32:03,372 ] 89 root - INFO - Hypothesis cs_003: float64, float64 
[ 2023-03-21 11:32:03,379 ] 89 root - INFO - Hypothesis cs_004: float64, float64 
[ 2023-03-21 11:32:03,386 ] 89 root - INFO - Hypothesis cs_005: float64, float64 
[ 2023-03-21 11:32:03,393 ] 89 root - INFO - Hypothesis cs_006: float64, float64 
[ 2023-03-21 11:32:03,400 ] 89 root - INFO - Hypothesis cs_007: float64, float64 
[ 2023-03-21 11:32:03,407 ] 89 root - INFO - Hypothesis cs_008: float64, float64 
[ 2023-03-21 11:32:03,412 ] 89 root - INFO - Hypothesis cs_009: float64, float64 
[ 2023-03-21 11:32:03,427 ] 89 root - INFO - Hypothesis dd_000: float64, float64 
[ 2023-03-21 11:32:03,433 ] 89 root - INFO - Hypothesis de_000: float64, float64 
[ 2023-03-21 11:32:03,439 ] 89 root - INFO - Hypothesis df_000: float64, float64 
[ 2023-03-21 11:32:03,442 ] 89 root - INFO - Hypothesis dg_000: float64, float64 
[ 2023-03-21 11:32:03,445 ] 89 root - INFO - Hypothesis dh_000: float64, float64 
[ 2023-03-21 11:32:03,449 ] 89 root - INFO - Hypothesis di_000: float64, float64 
[ 2023-03-21 11:32:03,453 ] 89 root - INFO - Hypothesis dj_000: float64, float64 
[ 2023-03-21 11:32:03,456 ] 89 root - INFO - Hypothesis dk_000: float64, float64 
[ 2023-03-21 11:32:03,459 ] 89 root - INFO - Hypothesis dl_000: float64, float64 
[ 2023-03-21 11:32:03,463 ] 89 root - INFO - Hypothesis dm_000: float64, float64 
[ 2023-03-21 11:32:03,466 ] 89 root - INFO - Hypothesis dn_000: float64, float64 
[ 2023-03-21 11:32:03,473 ] 89 root - INFO - Hypothesis do_000: float64, float64 
[ 2023-03-21 11:32:03,480 ] 89 root - INFO - Hypothesis dp_000: float64, float64 
[ 2023-03-21 11:32:03,486 ] 89 root - INFO - Hypothesis dq_000: float64, float64 
[ 2023-03-21 11:32:03,490 ] 89 root - INFO - Hypothesis dr_000: float64, float64 
[ 2023-03-21 11:32:03,495 ] 89 root - INFO - Hypothesis ds_000: float64, float64 
[ 2023-03-21 11:32:03,501 ] 89 root - INFO - Hypothesis dt_000: float64, float64 
[ 2023-03-21 11:32:03,508 ] 89 root - INFO - Hypothesis du_000: float64, float64 
[ 2023-03-21 11:32:03,515 ] 89 root - INFO - Hypothesis dv_000: float64, float64 
[ 2023-03-21 11:32:03,523 ] 89 root - INFO - Hypothesis dx_000: float64, float64 
[ 2023-03-21 11:32:03,528 ] 89 root - INFO - Hypothesis dy_000: float64, float64 
[ 2023-03-21 11:32:03,534 ] 89 root - INFO - Hypothesis dz_000: float64, float64 
[ 2023-03-21 11:32:03,550 ] 89 root - INFO - Hypothesis ea_000: float64, float64 
[ 2023-03-21 11:32:03,567 ] 89 root - INFO - Hypothesis eb_000: float64, float64 
[ 2023-03-21 11:32:03,573 ] 89 root - INFO - Hypothesis ec_00: float64, float64 
[ 2023-03-21 11:32:03,580 ] 89 root - INFO - Hypothesis ed_000: float64, float64 
[ 2023-03-21 11:32:03,586 ] 89 root - INFO - Hypothesis ee_000: float64, float64 
[ 2023-03-21 11:32:03,593 ] 89 root - INFO - Hypothesis ee_001: float64, float64 
[ 2023-03-21 11:32:03,600 ] 89 root - INFO - Hypothesis ee_002: float64, float64 
[ 2023-03-21 11:32:03,607 ] 89 root - INFO - Hypothesis ee_003: float64, float64 
[ 2023-03-21 11:32:03,614 ] 89 root - INFO - Hypothesis ee_004: float64, float64 
[ 2023-03-21 11:32:03,621 ] 89 root - INFO - Hypothesis ee_005: float64, float64 
[ 2023-03-21 11:32:03,628 ] 89 root - INFO - Hypothesis ee_006: float64, float64 
[ 2023-03-21 11:32:03,634 ] 89 root - INFO - Hypothesis ee_007: float64, float64 
[ 2023-03-21 11:32:03,641 ] 89 root - INFO - Hypothesis ee_008: float64, float64 
[ 2023-03-21 11:32:03,647 ] 89 root - INFO - Hypothesis ee_009: float64, float64 
[ 2023-03-21 11:32:03,652 ] 89 root - INFO - Hypothesis ef_000: float64, float64 
[ 2023-03-21 11:32:03,655 ] 89 root - INFO - Hypothesis eg_000: float64, float64 
[ 2023-03-21 11:32:03,658 ] 148 root - INFO - Write reprt in yaml file
[ 2023-03-21 11:32:03,730 ] 153 root - INFO - Data validation artifact: DataValidationArtifact(report_file_path='/config/workspace/artifact/03212023__113139/data_validation/report.yaml')
