[ 2023-03-21 15:04:14,857 ] 16 root - INFO - >>>>>>>>>>>>>>>>>>>>>>>>>>>>>>>>>>>>>>>> Data Ingestion <<<<<<<<<<<<<<<<<<<<<<<<<<<<<<<<<<<<<<<<
[ 2023-03-21 15:04:14,857 ] 23 root - INFO - Exporting collection data as pandas dataframe
[ 2023-03-21 15:04:14,857 ] 22 root - INFO - Reading data from database: aps and collection: sensor
[ 2023-03-21 15:04:19,293 ] 24 root - INFO - Found columns:Index(['_id', 'class', 'aa_000', 'ab_000', 'ac_000', 'ad_000', 'ae_000',
       'af_000', 'ag_000', 'ag_001',
       ...
       'ee_002', 'ee_003', 'ee_004', 'ee_005', 'ee_006', 'ee_007', 'ee_008',
       'ee_009', 'ef_000', 'eg_000'],
      dtype='object', length=172)
[ 2023-03-21 15:04:19,293 ] 26 root - INFO - Dropping column: _id 
[ 2023-03-21 15:04:19,487 ] 28 root - INFO - Row and columns in df: (36188, 171)
[ 2023-03-21 15:04:19,487 ] 29 root - INFO - Save data in feature store
[ 2023-03-21 15:04:20,176 ] 35 root - INFO - Create feature store folder if not available
[ 2023-03-21 15:04:20,177 ] 39 root - INFO - Save df to feature store folder
[ 2023-03-21 15:04:23,515 ] 44 root - INFO - split dataset into train and test set
[ 2023-03-21 15:04:24,360 ] 48 root - INFO - create dataset directory folder if not available
[ 2023-03-21 15:04:24,361 ] 53 root - INFO - Save df to feature store folder
[ 2023-03-21 15:04:26,871 ] 65 root - INFO - Data ingestion artifact: DataIngestionArtifact(feature_store_file_path='/config/workspace/artifact/03212023__150414/data_ingestion/feature_store/sensor.csv', train_file_path='/config/workspace/artifact/03212023__150414/data_ingestion/dataset/train.csv', test_file_path='/config/workspace/artifact/03212023__150414/data_ingestion/dataset/test.csv')
[ 2023-03-21 15:04:27,348 ] 22 root - INFO - >>>>>>>>>>>>>>>>>>>>>>>>>>>>>>>>>>>>>>>> Data Validation <<<<<<<<<<<<<<<<<<<<<<<<<<<<<<<<<<<<<<<<
[ 2023-03-21 15:04:27,348 ] 111 root - INFO - Reading base dataframe
[ 2023-03-21 15:04:31,306 ] 114 root - INFO - Replace na value in base df
[ 2023-03-21 15:04:31,306 ] 116 root - INFO - Drop null values colums from base df
[ 2023-03-21 15:04:32,217 ] 45 root - INFO - selecting column name which contains null above to 0.2
[ 2023-03-21 15:04:32,217 ] 48 root - INFO - Columns to drop: ['ab_000', 'ad_000', 'bk_000', 'bl_000', 'bm_000', 'bn_000', 'bo_000', 'bp_000', 'bq_000', 'br_000', 'cf_000', 'cg_000', 'ch_000', 'co_000', 'cr_000', 'ct_000', 'cu_000', 'cv_000', 'cx_000', 'cy_000', 'cz_000', 'da_000', 'db_000', 'dc_000']
[ 2023-03-21 15:04:32,306 ] 119 root - INFO - Reading train dataframe
[ 2023-03-21 15:04:32,795 ] 121 root - INFO - Reading test dataframe
[ 2023-03-21 15:04:32,936 ] 124 root - INFO - Drop null values colums from train df
[ 2023-03-21 15:04:32,954 ] 45 root - INFO - selecting column name which contains null above to 0.2
[ 2023-03-21 15:04:32,954 ] 48 root - INFO - Columns to drop: ['ab_000', 'ad_000', 'bk_000', 'bl_000', 'bm_000', 'bn_000', 'bo_000', 'bp_000', 'bq_000', 'br_000', 'cf_000', 'cg_000', 'ch_000', 'co_000', 'cr_000', 'ct_000', 'cu_000', 'cv_000', 'cx_000', 'cy_000', 'cz_000', 'da_000', 'db_000', 'dc_000']
[ 2023-03-21 15:04:32,967 ] 126 root - INFO - Drop null values colums from test df
[ 2023-03-21 15:04:32,973 ] 45 root - INFO - selecting column name which contains null above to 0.2
[ 2023-03-21 15:04:32,973 ] 48 root - INFO - Columns to drop: ['ab_000', 'ad_000', 'bk_000', 'bl_000', 'bm_000', 'bn_000', 'bo_000', 'bp_000', 'bq_000', 'br_000', 'cf_000', 'cg_000', 'ch_000', 'co_000', 'cr_000', 'ct_000', 'cu_000', 'cv_000', 'cx_000', 'cy_000', 'cz_000', 'da_000', 'db_000', 'dc_000']
[ 2023-03-21 15:04:40,755 ] 135 root - INFO - Is all required columns present in train df
[ 2023-03-21 15:04:40,756 ] 137 root - INFO - Is all required columns present in test df
[ 2023-03-21 15:04:40,757 ] 141 root - INFO - As all column are available in train df hence detecting data drift
[ 2023-03-21 15:04:40,757 ] 89 root - INFO - Hypothesis class: object, object 
[ 2023-03-21 15:04:40,937 ] 89 root - INFO - Hypothesis aa_000: float64, float64 
[ 2023-03-21 15:04:40,989 ] 89 root - INFO - Hypothesis ac_000: float64, float64 
[ 2023-03-21 15:04:41,046 ] 89 root - INFO - Hypothesis ae_000: float64, float64 
[ 2023-03-21 15:04:41,096 ] 89 root - INFO - Hypothesis af_000: float64, float64 
[ 2023-03-21 15:04:41,144 ] 89 root - INFO - Hypothesis ag_000: float64, float64 
[ 2023-03-21 15:04:41,191 ] 89 root - INFO - Hypothesis ag_001: float64, float64 
[ 2023-03-21 15:04:41,239 ] 89 root - INFO - Hypothesis ag_002: float64, float64 
[ 2023-03-21 15:04:41,289 ] 89 root - INFO - Hypothesis ag_003: float64, float64 
[ 2023-03-21 15:04:41,341 ] 89 root - INFO - Hypothesis ag_004: float64, float64 
[ 2023-03-21 15:04:41,355 ] 89 root - INFO - Hypothesis ag_005: float64, float64 
[ 2023-03-21 15:04:41,369 ] 89 root - INFO - Hypothesis ag_006: float64, float64 
[ 2023-03-21 15:04:41,425 ] 89 root - INFO - Hypothesis ag_007: float64, float64 
[ 2023-03-21 15:04:41,438 ] 89 root - INFO - Hypothesis ag_008: float64, float64 
[ 2023-03-21 15:04:41,449 ] 89 root - INFO - Hypothesis ag_009: float64, float64 
[ 2023-03-21 15:04:41,458 ] 89 root - INFO - Hypothesis ah_000: float64, float64 
[ 2023-03-21 15:04:41,513 ] 89 root - INFO - Hypothesis ai_000: float64, float64 
[ 2023-03-21 15:04:41,563 ] 89 root - INFO - Hypothesis aj_000: float64, float64 
[ 2023-03-21 15:04:41,612 ] 89 root - INFO - Hypothesis ak_000: float64, float64 
[ 2023-03-21 15:04:41,661 ] 89 root - INFO - Hypothesis al_000: float64, float64 
[ 2023-03-21 15:04:41,712 ] 89 root - INFO - Hypothesis am_0: float64, float64 
[ 2023-03-21 15:04:41,768 ] 89 root - INFO - Hypothesis an_000: float64, float64 
[ 2023-03-21 15:04:41,824 ] 89 root - INFO - Hypothesis ao_000: float64, float64 
[ 2023-03-21 15:04:41,837 ] 89 root - INFO - Hypothesis ap_000: float64, float64 
[ 2023-03-21 15:04:41,890 ] 89 root - INFO - Hypothesis aq_000: float64, float64 
[ 2023-03-21 15:04:41,948 ] 89 root - INFO - Hypothesis ar_000: float64, float64 
[ 2023-03-21 15:04:41,998 ] 89 root - INFO - Hypothesis as_000: float64, float64 
[ 2023-03-21 15:04:42,048 ] 89 root - INFO - Hypothesis at_000: float64, float64 
[ 2023-03-21 15:04:42,056 ] 89 root - INFO - Hypothesis au_000: float64, float64 
[ 2023-03-21 15:04:42,106 ] 89 root - INFO - Hypothesis av_000: float64, float64 
[ 2023-03-21 15:04:42,116 ] 89 root - INFO - Hypothesis ax_000: float64, float64 
[ 2023-03-21 15:04:42,127 ] 89 root - INFO - Hypothesis ay_000: float64, float64 
[ 2023-03-21 15:04:42,172 ] 89 root - INFO - Hypothesis ay_001: float64, float64 
[ 2023-03-21 15:04:42,219 ] 89 root - INFO - Hypothesis ay_002: float64, float64 
[ 2023-03-21 15:04:42,267 ] 89 root - INFO - Hypothesis ay_003: float64, float64 
[ 2023-03-21 15:04:42,314 ] 89 root - INFO - Hypothesis ay_004: float64, float64 
[ 2023-03-21 15:04:42,362 ] 89 root - INFO - Hypothesis ay_005: float64, float64 
[ 2023-03-21 15:04:42,374 ] 89 root - INFO - Hypothesis ay_006: float64, float64 
[ 2023-03-21 15:04:42,428 ] 89 root - INFO - Hypothesis ay_007: float64, float64 
[ 2023-03-21 15:04:42,440 ] 89 root - INFO - Hypothesis ay_008: float64, float64 
[ 2023-03-21 15:04:42,454 ] 89 root - INFO - Hypothesis ay_009: float64, float64 
[ 2023-03-21 15:04:42,502 ] 89 root - INFO - Hypothesis az_000: float64, float64 
[ 2023-03-21 15:04:42,556 ] 89 root - INFO - Hypothesis az_001: float64, float64 
[ 2023-03-21 15:04:42,609 ] 89 root - INFO - Hypothesis az_002: float64, float64 
[ 2023-03-21 15:04:42,665 ] 89 root - INFO - Hypothesis az_003: float64, float64 
[ 2023-03-21 15:04:42,679 ] 89 root - INFO - Hypothesis az_004: float64, float64 
[ 2023-03-21 15:04:42,735 ] 89 root - INFO - Hypothesis az_005: float64, float64 
[ 2023-03-21 15:04:42,788 ] 89 root - INFO - Hypothesis az_006: float64, float64 
[ 2023-03-21 15:04:42,799 ] 89 root - INFO - Hypothesis az_007: float64, float64 
[ 2023-03-21 15:04:42,848 ] 89 root - INFO - Hypothesis az_008: float64, float64 
[ 2023-03-21 15:04:42,895 ] 89 root - INFO - Hypothesis az_009: float64, float64 
[ 2023-03-21 15:04:42,942 ] 89 root - INFO - Hypothesis ba_000: float64, float64 
[ 2023-03-21 15:04:42,996 ] 89 root - INFO - Hypothesis ba_001: float64, float64 
[ 2023-03-21 15:04:43,051 ] 89 root - INFO - Hypothesis ba_002: float64, float64 
[ 2023-03-21 15:04:43,108 ] 89 root - INFO - Hypothesis ba_003: float64, float64 
[ 2023-03-21 15:04:43,163 ] 89 root - INFO - Hypothesis ba_004: float64, float64 
[ 2023-03-21 15:04:43,217 ] 89 root - INFO - Hypothesis ba_005: float64, float64 
[ 2023-03-21 15:04:43,229 ] 89 root - INFO - Hypothesis ba_006: float64, float64 
[ 2023-03-21 15:04:43,242 ] 89 root - INFO - Hypothesis ba_007: float64, float64 
[ 2023-03-21 15:04:43,255 ] 89 root - INFO - Hypothesis ba_008: float64, float64 
[ 2023-03-21 15:04:43,266 ] 89 root - INFO - Hypothesis ba_009: float64, float64 
[ 2023-03-21 15:04:43,318 ] 89 root - INFO - Hypothesis bb_000: float64, float64 
[ 2023-03-21 15:04:43,372 ] 89 root - INFO - Hypothesis bc_000: float64, float64 
[ 2023-03-21 15:04:43,383 ] 89 root - INFO - Hypothesis bd_000: float64, float64 
[ 2023-03-21 15:04:43,437 ] 89 root - INFO - Hypothesis be_000: float64, float64 
[ 2023-03-21 15:04:43,449 ] 89 root - INFO - Hypothesis bf_000: float64, float64 
[ 2023-03-21 15:04:43,499 ] 89 root - INFO - Hypothesis bg_000: float64, float64 
[ 2023-03-21 15:04:43,555 ] 89 root - INFO - Hypothesis bh_000: float64, float64 
[ 2023-03-21 15:04:43,568 ] 89 root - INFO - Hypothesis bi_000: float64, float64 
[ 2023-03-21 15:04:43,623 ] 89 root - INFO - Hypothesis bj_000: float64, float64 
[ 2023-03-21 15:04:43,676 ] 89 root - INFO - Hypothesis bs_000: float64, float64 
[ 2023-03-21 15:04:43,734 ] 89 root - INFO - Hypothesis bt_000: float64, float64 
[ 2023-03-21 15:04:43,790 ] 89 root - INFO - Hypothesis bu_000: float64, float64 
[ 2023-03-21 15:04:43,846 ] 89 root - INFO - Hypothesis bv_000: float64, float64 
[ 2023-03-21 15:04:43,901 ] 89 root - INFO - Hypothesis bx_000: float64, float64 
[ 2023-03-21 15:04:43,915 ] 89 root - INFO - Hypothesis by_000: float64, float64 
[ 2023-03-21 15:04:43,971 ] 89 root - INFO - Hypothesis bz_000: float64, float64 
[ 2023-03-21 15:04:44,024 ] 89 root - INFO - Hypothesis ca_000: float64, float64 
[ 2023-03-21 15:04:44,077 ] 89 root - INFO - Hypothesis cb_000: float64, float64 
[ 2023-03-21 15:04:44,131 ] 89 root - INFO - Hypothesis cc_000: float64, float64 
[ 2023-03-21 15:04:44,145 ] 89 root - INFO - Hypothesis cd_000: float64, float64 
[ 2023-03-21 15:04:44,194 ] 89 root - INFO - Hypothesis ce_000: float64, float64 
[ 2023-03-21 15:04:44,206 ] 89 root - INFO - Hypothesis ci_000: float64, float64 
[ 2023-03-21 15:04:44,262 ] 89 root - INFO - Hypothesis cj_000: float64, float64 
[ 2023-03-21 15:04:44,310 ] 89 root - INFO - Hypothesis ck_000: float64, float64 
[ 2023-03-21 15:04:44,369 ] 89 root - INFO - Hypothesis cl_000: float64, float64 
[ 2023-03-21 15:04:44,419 ] 89 root - INFO - Hypothesis cm_000: float64, float64 
[ 2023-03-21 15:04:44,467 ] 89 root - INFO - Hypothesis cn_000: float64, float64 
[ 2023-03-21 15:04:44,512 ] 89 root - INFO - Hypothesis cn_001: float64, float64 
[ 2023-03-21 15:04:44,562 ] 89 root - INFO - Hypothesis cn_002: float64, float64 
[ 2023-03-21 15:04:44,573 ] 89 root - INFO - Hypothesis cn_003: float64, float64 
[ 2023-03-21 15:04:44,628 ] 89 root - INFO - Hypothesis cn_004: float64, float64 
[ 2023-03-21 15:04:44,642 ] 89 root - INFO - Hypothesis cn_005: float64, float64 
[ 2023-03-21 15:04:44,695 ] 89 root - INFO - Hypothesis cn_006: float64, float64 
[ 2023-03-21 15:04:44,740 ] 89 root - INFO - Hypothesis cn_007: float64, float64 
[ 2023-03-21 15:04:44,783 ] 89 root - INFO - Hypothesis cn_008: float64, float64 
[ 2023-03-21 15:04:44,829 ] 89 root - INFO - Hypothesis cn_009: float64, float64 
[ 2023-03-21 15:04:44,886 ] 89 root - INFO - Hypothesis cp_000: float64, float64 
[ 2023-03-21 15:04:44,897 ] 89 root - INFO - Hypothesis cq_000: float64, float64 
[ 2023-03-21 15:04:44,955 ] 89 root - INFO - Hypothesis cs_000: float64, float64 
[ 2023-03-21 15:04:44,967 ] 89 root - INFO - Hypothesis cs_001: float64, float64 
[ 2023-03-21 15:04:44,979 ] 89 root - INFO - Hypothesis cs_002: float64, float64 
[ 2023-03-21 15:04:45,038 ] 89 root - INFO - Hypothesis cs_003: float64, float64 
[ 2023-03-21 15:04:45,096 ] 89 root - INFO - Hypothesis cs_004: float64, float64 
[ 2023-03-21 15:04:45,154 ] 89 root - INFO - Hypothesis cs_005: float64, float64 
[ 2023-03-21 15:04:45,168 ] 89 root - INFO - Hypothesis cs_006: float64, float64 
[ 2023-03-21 15:04:45,227 ] 89 root - INFO - Hypothesis cs_007: float64, float64 
[ 2023-03-21 15:04:45,279 ] 89 root - INFO - Hypothesis cs_008: float64, float64 
[ 2023-03-21 15:04:45,289 ] 89 root - INFO - Hypothesis cs_009: float64, float64 
[ 2023-03-21 15:04:45,335 ] 89 root - INFO - Hypothesis dd_000: float64, float64 
[ 2023-03-21 15:04:45,390 ] 89 root - INFO - Hypothesis de_000: float64, float64 
[ 2023-03-21 15:04:45,443 ] 89 root - INFO - Hypothesis df_000: float64, float64 
[ 2023-03-21 15:04:45,490 ] 89 root - INFO - Hypothesis dg_000: float64, float64 
[ 2023-03-21 15:04:45,540 ] 89 root - INFO - Hypothesis dh_000: float64, float64 
[ 2023-03-21 15:04:45,593 ] 89 root - INFO - Hypothesis di_000: float64, float64 
[ 2023-03-21 15:04:45,644 ] 89 root - INFO - Hypothesis dj_000: float64, float64 
[ 2023-03-21 15:04:45,694 ] 89 root - INFO - Hypothesis dk_000: float64, float64 
[ 2023-03-21 15:04:45,742 ] 89 root - INFO - Hypothesis dl_000: float64, float64 
[ 2023-03-21 15:04:45,790 ] 89 root - INFO - Hypothesis dm_000: float64, float64 
[ 2023-03-21 15:04:45,836 ] 89 root - INFO - Hypothesis dn_000: float64, float64 
[ 2023-03-21 15:04:45,849 ] 89 root - INFO - Hypothesis do_000: float64, float64 
[ 2023-03-21 15:04:45,862 ] 89 root - INFO - Hypothesis dp_000: float64, float64 
[ 2023-03-21 15:04:45,921 ] 89 root - INFO - Hypothesis dq_000: float64, float64 
[ 2023-03-21 15:04:45,972 ] 89 root - INFO - Hypothesis dr_000: float64, float64 
[ 2023-03-21 15:04:46,021 ] 89 root - INFO - Hypothesis ds_000: float64, float64 
[ 2023-03-21 15:04:46,083 ] 89 root - INFO - Hypothesis dt_000: float64, float64 
[ 2023-03-21 15:04:46,097 ] 89 root - INFO - Hypothesis du_000: float64, float64 
[ 2023-03-21 15:04:46,112 ] 89 root - INFO - Hypothesis dv_000: float64, float64 
[ 2023-03-21 15:04:46,174 ] 89 root - INFO - Hypothesis dx_000: float64, float64 
[ 2023-03-21 15:04:46,225 ] 89 root - INFO - Hypothesis dy_000: float64, float64 
[ 2023-03-21 15:04:46,272 ] 89 root - INFO - Hypothesis dz_000: float64, float64 
[ 2023-03-21 15:04:46,318 ] 89 root - INFO - Hypothesis ea_000: float64, float64 
[ 2023-03-21 15:04:46,362 ] 89 root - INFO - Hypothesis eb_000: float64, float64 
[ 2023-03-21 15:04:46,415 ] 89 root - INFO - Hypothesis ec_00: float64, float64 
[ 2023-03-21 15:04:46,428 ] 89 root - INFO - Hypothesis ed_000: float64, float64 
[ 2023-03-21 15:04:46,438 ] 89 root - INFO - Hypothesis ee_000: float64, float64 
[ 2023-03-21 15:04:46,491 ] 89 root - INFO - Hypothesis ee_001: float64, float64 
[ 2023-03-21 15:04:46,506 ] 89 root - INFO - Hypothesis ee_002: float64, float64 
[ 2023-03-21 15:04:46,519 ] 89 root - INFO - Hypothesis ee_003: float64, float64 
[ 2023-03-21 15:04:46,573 ] 89 root - INFO - Hypothesis ee_004: float64, float64 
[ 2023-03-21 15:04:46,630 ] 89 root - INFO - Hypothesis ee_005: float64, float64 
[ 2023-03-21 15:04:46,684 ] 89 root - INFO - Hypothesis ee_006: float64, float64 
[ 2023-03-21 15:04:46,735 ] 89 root - INFO - Hypothesis ee_007: float64, float64 
[ 2023-03-21 15:04:46,790 ] 89 root - INFO - Hypothesis ee_008: float64, float64 
[ 2023-03-21 15:04:46,835 ] 89 root - INFO - Hypothesis ee_009: float64, float64 
[ 2023-03-21 15:04:46,875 ] 89 root - INFO - Hypothesis ef_000: float64, float64 
[ 2023-03-21 15:04:46,912 ] 89 root - INFO - Hypothesis eg_000: float64, float64 
[ 2023-03-21 15:04:46,949 ] 144 root - INFO - As all column are available in test df hence detecting data drift
[ 2023-03-21 15:04:46,950 ] 89 root - INFO - Hypothesis class: object, object 
[ 2023-03-21 15:04:47,024 ] 89 root - INFO - Hypothesis aa_000: float64, float64 
[ 2023-03-21 15:04:47,031 ] 89 root - INFO - Hypothesis ac_000: float64, float64 
[ 2023-03-21 15:04:47,036 ] 89 root - INFO - Hypothesis ae_000: float64, float64 
[ 2023-03-21 15:04:47,040 ] 89 root - INFO - Hypothesis af_000: float64, float64 
[ 2023-03-21 15:04:47,043 ] 89 root - INFO - Hypothesis ag_000: float64, float64 
[ 2023-03-21 15:04:47,058 ] 89 root - INFO - Hypothesis ag_001: float64, float64 
[ 2023-03-21 15:04:47,073 ] 89 root - INFO - Hypothesis ag_002: float64, float64 
[ 2023-03-21 15:04:47,077 ] 89 root - INFO - Hypothesis ag_003: float64, float64 
[ 2023-03-21 15:04:47,081 ] 89 root - INFO - Hypothesis ag_004: float64, float64 
[ 2023-03-21 15:04:47,087 ] 89 root - INFO - Hypothesis ag_005: float64, float64 
[ 2023-03-21 15:04:47,094 ] 89 root - INFO - Hypothesis ag_006: float64, float64 
[ 2023-03-21 15:04:47,102 ] 89 root - INFO - Hypothesis ag_007: float64, float64 
[ 2023-03-21 15:04:47,108 ] 89 root - INFO - Hypothesis ag_008: float64, float64 
[ 2023-03-21 15:04:47,114 ] 89 root - INFO - Hypothesis ag_009: float64, float64 
[ 2023-03-21 15:04:47,118 ] 89 root - INFO - Hypothesis ah_000: float64, float64 
[ 2023-03-21 15:04:47,125 ] 89 root - INFO - Hypothesis ai_000: float64, float64 
[ 2023-03-21 15:04:47,129 ] 89 root - INFO - Hypothesis aj_000: float64, float64 
[ 2023-03-21 15:04:47,133 ] 89 root - INFO - Hypothesis ak_000: float64, float64 
[ 2023-03-21 15:04:47,136 ] 89 root - INFO - Hypothesis al_000: float64, float64 
[ 2023-03-21 15:04:47,141 ] 89 root - INFO - Hypothesis am_0: float64, float64 
[ 2023-03-21 15:04:47,146 ] 89 root - INFO - Hypothesis an_000: float64, float64 
[ 2023-03-21 15:04:47,153 ] 89 root - INFO - Hypothesis ao_000: float64, float64 
[ 2023-03-21 15:04:47,160 ] 89 root - INFO - Hypothesis ap_000: float64, float64 
[ 2023-03-21 15:04:47,167 ] 89 root - INFO - Hypothesis aq_000: float64, float64 
[ 2023-03-21 15:04:47,174 ] 89 root - INFO - Hypothesis ar_000: float64, float64 
[ 2023-03-21 15:04:47,190 ] 89 root - INFO - Hypothesis as_000: float64, float64 
[ 2023-03-21 15:04:47,205 ] 89 root - INFO - Hypothesis at_000: float64, float64 
[ 2023-03-21 15:04:47,209 ] 89 root - INFO - Hypothesis au_000: float64, float64 
[ 2023-03-21 15:04:47,225 ] 89 root - INFO - Hypothesis av_000: float64, float64 
[ 2023-03-21 15:04:47,233 ] 89 root - INFO - Hypothesis ax_000: float64, float64 
[ 2023-03-21 15:04:47,239 ] 89 root - INFO - Hypothesis ay_000: float64, float64 
[ 2023-03-21 15:04:47,258 ] 89 root - INFO - Hypothesis ay_001: float64, float64 
[ 2023-03-21 15:04:47,279 ] 89 root - INFO - Hypothesis ay_002: float64, float64 
[ 2023-03-21 15:04:47,300 ] 89 root - INFO - Hypothesis ay_003: float64, float64 
[ 2023-03-21 15:04:47,320 ] 89 root - INFO - Hypothesis ay_004: float64, float64 
[ 2023-03-21 15:04:47,341 ] 89 root - INFO - Hypothesis ay_005: float64, float64 
[ 2023-03-21 15:04:47,349 ] 89 root - INFO - Hypothesis ay_006: float64, float64 
[ 2023-03-21 15:04:47,356 ] 89 root - INFO - Hypothesis ay_007: float64, float64 
[ 2023-03-21 15:04:47,364 ] 89 root - INFO - Hypothesis ay_008: float64, float64 
[ 2023-03-21 15:04:47,373 ] 89 root - INFO - Hypothesis ay_009: float64, float64 
[ 2023-03-21 15:04:47,393 ] 89 root - INFO - Hypothesis az_000: float64, float64 
[ 2023-03-21 15:04:47,403 ] 89 root - INFO - Hypothesis az_001: float64, float64 
[ 2023-03-21 15:04:47,411 ] 89 root - INFO - Hypothesis az_002: float64, float64 
[ 2023-03-21 15:04:47,420 ] 89 root - INFO - Hypothesis az_003: float64, float64 
[ 2023-03-21 15:04:47,429 ] 89 root - INFO - Hypothesis az_004: float64, float64 
[ 2023-03-21 15:04:47,437 ] 89 root - INFO - Hypothesis az_005: float64, float64 
[ 2023-03-21 15:04:47,446 ] 89 root - INFO - Hypothesis az_006: float64, float64 
[ 2023-03-21 15:04:47,454 ] 89 root - INFO - Hypothesis az_007: float64, float64 
[ 2023-03-21 15:04:47,474 ] 89 root - INFO - Hypothesis az_008: float64, float64 
[ 2023-03-21 15:04:47,495 ] 89 root - INFO - Hypothesis az_009: float64, float64 
[ 2023-03-21 15:04:47,516 ] 89 root - INFO - Hypothesis ba_000: float64, float64 
[ 2023-03-21 15:04:47,524 ] 89 root - INFO - Hypothesis ba_001: float64, float64 
[ 2023-03-21 15:04:47,533 ] 89 root - INFO - Hypothesis ba_002: float64, float64 
[ 2023-03-21 15:04:47,542 ] 89 root - INFO - Hypothesis ba_003: float64, float64 
[ 2023-03-21 15:04:47,551 ] 89 root - INFO - Hypothesis ba_004: float64, float64 
[ 2023-03-21 15:04:47,560 ] 89 root - INFO - Hypothesis ba_005: float64, float64 
[ 2023-03-21 15:04:47,569 ] 89 root - INFO - Hypothesis ba_006: float64, float64 
[ 2023-03-21 15:04:47,578 ] 89 root - INFO - Hypothesis ba_007: float64, float64 
[ 2023-03-21 15:04:47,587 ] 89 root - INFO - Hypothesis ba_008: float64, float64 
[ 2023-03-21 15:04:47,595 ] 89 root - INFO - Hypothesis ba_009: float64, float64 
[ 2023-03-21 15:04:47,617 ] 89 root - INFO - Hypothesis bb_000: float64, float64 
[ 2023-03-21 15:04:47,626 ] 89 root - INFO - Hypothesis bc_000: float64, float64 
[ 2023-03-21 15:04:47,633 ] 89 root - INFO - Hypothesis bd_000: float64, float64 
[ 2023-03-21 15:04:47,639 ] 89 root - INFO - Hypothesis be_000: float64, float64 
[ 2023-03-21 15:04:47,648 ] 89 root - INFO - Hypothesis bf_000: float64, float64 
[ 2023-03-21 15:04:47,655 ] 89 root - INFO - Hypothesis bg_000: float64, float64 
[ 2023-03-21 15:04:47,665 ] 89 root - INFO - Hypothesis bh_000: float64, float64 
[ 2023-03-21 15:04:47,673 ] 89 root - INFO - Hypothesis bi_000: float64, float64 
[ 2023-03-21 15:04:47,681 ] 89 root - INFO - Hypothesis bj_000: float64, float64 
[ 2023-03-21 15:04:47,690 ] 89 root - INFO - Hypothesis bs_000: float64, float64 
[ 2023-03-21 15:04:47,699 ] 89 root - INFO - Hypothesis bt_000: float64, float64 
[ 2023-03-21 15:04:47,708 ] 89 root - INFO - Hypothesis bu_000: float64, float64 
[ 2023-03-21 15:04:47,716 ] 89 root - INFO - Hypothesis bv_000: float64, float64 
[ 2023-03-21 15:04:47,725 ] 89 root - INFO - Hypothesis bx_000: float64, float64 
[ 2023-03-21 15:04:47,735 ] 89 root - INFO - Hypothesis by_000: float64, float64 
[ 2023-03-21 15:04:47,744 ] 89 root - INFO - Hypothesis bz_000: float64, float64 
[ 2023-03-21 15:04:47,751 ] 89 root - INFO - Hypothesis ca_000: float64, float64 
[ 2023-03-21 15:04:47,761 ] 89 root - INFO - Hypothesis cb_000: float64, float64 
[ 2023-03-21 15:04:47,770 ] 89 root - INFO - Hypothesis cc_000: float64, float64 
[ 2023-03-21 15:04:47,779 ] 89 root - INFO - Hypothesis cd_000: float64, float64 
[ 2023-03-21 15:04:47,799 ] 89 root - INFO - Hypothesis ce_000: float64, float64 
[ 2023-03-21 15:04:47,807 ] 89 root - INFO - Hypothesis ci_000: float64, float64 
[ 2023-03-21 15:04:47,817 ] 89 root - INFO - Hypothesis cj_000: float64, float64 
[ 2023-03-21 15:04:47,837 ] 89 root - INFO - Hypothesis ck_000: float64, float64 
[ 2023-03-21 15:04:47,847 ] 89 root - INFO - Hypothesis cl_000: float64, float64 
[ 2023-03-21 15:04:47,853 ] 89 root - INFO - Hypothesis cm_000: float64, float64 
[ 2023-03-21 15:04:47,875 ] 89 root - INFO - Hypothesis cn_000: float64, float64 
[ 2023-03-21 15:04:47,880 ] 89 root - INFO - Hypothesis cn_001: float64, float64 
[ 2023-03-21 15:04:47,885 ] 89 root - INFO - Hypothesis cn_002: float64, float64 
[ 2023-03-21 15:04:47,893 ] 89 root - INFO - Hypothesis cn_003: float64, float64 
[ 2023-03-21 15:04:47,901 ] 89 root - INFO - Hypothesis cn_004: float64, float64 
[ 2023-03-21 15:04:47,910 ] 89 root - INFO - Hypothesis cn_005: float64, float64 
[ 2023-03-21 15:04:47,918 ] 89 root - INFO - Hypothesis cn_006: float64, float64 
[ 2023-03-21 15:04:47,927 ] 89 root - INFO - Hypothesis cn_007: float64, float64 
[ 2023-03-21 15:04:47,934 ] 89 root - INFO - Hypothesis cn_008: float64, float64 
[ 2023-03-21 15:04:47,941 ] 89 root - INFO - Hypothesis cn_009: float64, float64 
[ 2023-03-21 15:04:47,948 ] 89 root - INFO - Hypothesis cp_000: float64, float64 
[ 2023-03-21 15:04:47,954 ] 89 root - INFO - Hypothesis cq_000: float64, float64 
[ 2023-03-21 15:04:47,963 ] 89 root - INFO - Hypothesis cs_000: float64, float64 
[ 2023-03-21 15:04:47,970 ] 89 root - INFO - Hypothesis cs_001: float64, float64 
[ 2023-03-21 15:04:47,978 ] 89 root - INFO - Hypothesis cs_002: float64, float64 
[ 2023-03-21 15:04:47,985 ] 89 root - INFO - Hypothesis cs_003: float64, float64 
[ 2023-03-21 15:04:47,993 ] 89 root - INFO - Hypothesis cs_004: float64, float64 
[ 2023-03-21 15:04:48,003 ] 89 root - INFO - Hypothesis cs_005: float64, float64 
[ 2023-03-21 15:04:48,013 ] 89 root - INFO - Hypothesis cs_006: float64, float64 
[ 2023-03-21 15:04:48,023 ] 89 root - INFO - Hypothesis cs_007: float64, float64 
[ 2023-03-21 15:04:48,033 ] 89 root - INFO - Hypothesis cs_008: float64, float64 
[ 2023-03-21 15:04:48,039 ] 89 root - INFO - Hypothesis cs_009: float64, float64 
[ 2023-03-21 15:04:48,058 ] 89 root - INFO - Hypothesis dd_000: float64, float64 
[ 2023-03-21 15:04:48,066 ] 89 root - INFO - Hypothesis de_000: float64, float64 
[ 2023-03-21 15:04:48,072 ] 89 root - INFO - Hypothesis df_000: float64, float64 
[ 2023-03-21 15:04:48,092 ] 89 root - INFO - Hypothesis dg_000: float64, float64 
[ 2023-03-21 15:04:48,116 ] 89 root - INFO - Hypothesis dh_000: float64, float64 
[ 2023-03-21 15:04:48,121 ] 89 root - INFO - Hypothesis di_000: float64, float64 
[ 2023-03-21 15:04:48,127 ] 89 root - INFO - Hypothesis dj_000: float64, float64 
[ 2023-03-21 15:04:48,152 ] 89 root - INFO - Hypothesis dk_000: float64, float64 
[ 2023-03-21 15:04:48,174 ] 89 root - INFO - Hypothesis dl_000: float64, float64 
[ 2023-03-21 15:04:48,195 ] 89 root - INFO - Hypothesis dm_000: float64, float64 
[ 2023-03-21 15:04:48,216 ] 89 root - INFO - Hypothesis dn_000: float64, float64 
[ 2023-03-21 15:04:48,224 ] 89 root - INFO - Hypothesis do_000: float64, float64 
[ 2023-03-21 15:04:48,232 ] 89 root - INFO - Hypothesis dp_000: float64, float64 
[ 2023-03-21 15:04:48,239 ] 89 root - INFO - Hypothesis dq_000: float64, float64 
[ 2023-03-21 15:04:48,244 ] 89 root - INFO - Hypothesis dr_000: float64, float64 
[ 2023-03-21 15:04:48,250 ] 89 root - INFO - Hypothesis ds_000: float64, float64 
[ 2023-03-21 15:04:48,259 ] 89 root - INFO - Hypothesis dt_000: float64, float64 
[ 2023-03-21 15:04:48,266 ] 89 root - INFO - Hypothesis du_000: float64, float64 
[ 2023-03-21 15:04:48,274 ] 89 root - INFO - Hypothesis dv_000: float64, float64 
[ 2023-03-21 15:04:48,283 ] 89 root - INFO - Hypothesis dx_000: float64, float64 
[ 2023-03-21 15:04:48,290 ] 89 root - INFO - Hypothesis dy_000: float64, float64 
[ 2023-03-21 15:04:48,295 ] 89 root - INFO - Hypothesis dz_000: float64, float64 
[ 2023-03-21 15:04:48,318 ] 89 root - INFO - Hypothesis ea_000: float64, float64 
[ 2023-03-21 15:04:48,337 ] 89 root - INFO - Hypothesis eb_000: float64, float64 
[ 2023-03-21 15:04:48,344 ] 89 root - INFO - Hypothesis ec_00: float64, float64 
[ 2023-03-21 15:04:48,353 ] 89 root - INFO - Hypothesis ed_000: float64, float64 
[ 2023-03-21 15:04:48,359 ] 89 root - INFO - Hypothesis ee_000: float64, float64 
[ 2023-03-21 15:04:48,369 ] 89 root - INFO - Hypothesis ee_001: float64, float64 
[ 2023-03-21 15:04:48,378 ] 89 root - INFO - Hypothesis ee_002: float64, float64 
[ 2023-03-21 15:04:48,387 ] 89 root - INFO - Hypothesis ee_003: float64, float64 
[ 2023-03-21 15:04:48,396 ] 89 root - INFO - Hypothesis ee_004: float64, float64 
[ 2023-03-21 15:04:48,404 ] 89 root - INFO - Hypothesis ee_005: float64, float64 
[ 2023-03-21 15:04:48,413 ] 89 root - INFO - Hypothesis ee_006: float64, float64 
[ 2023-03-21 15:04:48,422 ] 89 root - INFO - Hypothesis ee_007: float64, float64 
[ 2023-03-21 15:04:48,430 ] 89 root - INFO - Hypothesis ee_008: float64, float64 
[ 2023-03-21 15:04:48,438 ] 89 root - INFO - Hypothesis ee_009: float64, float64 
[ 2023-03-21 15:04:48,444 ] 89 root - INFO - Hypothesis ef_000: float64, float64 
[ 2023-03-21 15:04:48,466 ] 89 root - INFO - Hypothesis eg_000: float64, float64 
[ 2023-03-21 15:04:48,484 ] 148 root - INFO - Write reprt in yaml file
[ 2023-03-21 15:04:48,586 ] 153 root - INFO - Data validation artifact: DataValidationArtifact(report_file_path='/config/workspace/artifact/03212023__150414/data_validation/report.yaml')
